#
# A fatal error has been detected by the Java Runtime Environment:
#
#  EXCEPTION_ACCESS_VIOLATION (0xc0000005) at pc=0x00007ff8c4bc0f80, pid=12048, tid=10884
#
# JRE version: OpenJDK Runtime Environment Temurin-17.0.5+8 (17.0.5+8) (build 17.0.5+8)
# Java VM: OpenJDK 64-Bit Server VM Temurin-17.0.5+8 (17.0.5+8, mixed mode, sharing, tiered, compressed oops, compressed class ptrs, g1 gc, windows-amd64)
# Problematic frame:
# C  [nvoglv64.dll+0x850f80]
#
# No core dump will be written. Minidumps are not enabled by default on client versions of Windows
#
# If you would like to submit a bug report, please visit:
#   https://github.com/adoptium/adoptium-support/issues
# The crash happened outside the Java Virtual Machine in native code.
# See problematic frame for where to report the bug.
#

---------------  S U M M A R Y ------------

Command Line: -agentlib:jdwp=transport=dt_socket,address=127.0.0.1:53230,suspend=y,server=n -Dvisualvm.id=246371433389600 -javaagent:D:\JetBrainsToolbox\apps\IDEA-C\ch-0\231.8109.175\plugins\java\lib\rt\debugger-agent.jar -Dfile.encoding=UTF-8 io.bluestaggo.voxelthing.Game

Host: Intel(R) Core(TM) i5-10400F CPU @ 2.90GHz, 12 cores, 15G,  Windows 11 , 64 bit Build 22000 (10.0.22000.2124)
Time: Sat Aug  5 10:12:03 2023 GMT Summer Time elapsed time: 1.106618 seconds (0d 0h 0m 1s)

---------------  T H R E A D  ---------------

Current thread (0x0000021ebf56b840):  JavaThread "main" [_thread_in_native, id=10884, stack(0x000000a2b4600000,0x000000a2b4700000)]

Stack: [0x000000a2b4600000,0x000000a2b4700000],  sp=0x000000a2b46ff150,  free space=1020k
Native frames: (J=compiled Java code, j=interpreted, Vv=VM code, C=native code)
C  [nvoglv64.dll+0x850f80]

Java frames: (J=compiled Java code, j=interpreted, Vv=VM code)
j  org.lwjgl.opengl.GL11C.nglDrawElements(IIIJ)V+0
j  org.lwjgl.opengl.GL11C.glDrawElements(IIIJ)V+4
j  io.bluestaggo.voxelthing.renderer.Bindings.draw()V+16
j  io.bluestaggo.voxelthing.renderer.world.ChunkRenderer.draw()V+11
j  io.bluestaggo.voxelthing.renderer.world.WorldRenderer.draw()V+200
j  io.bluestaggo.voxelthing.renderer.MainRenderer.draw()V+255
j  io.bluestaggo.voxelthing.Game.draw()V+4
j  io.bluestaggo.voxelthing.Game.run()V+15
j  io.bluestaggo.voxelthing.Game.main([Ljava/lang/String;)V+15
v  ~StubRoutines::call_stub

siginfo: EXCEPTION_ACCESS_VIOLATION (0xc0000005), reading address 0x0000000000000000


Register to memory mapping:

RIP=0x00007ff8c4bc0f80 nvoglv64.dll
RAX=0x0 is NULL
RBX=0x0 is NULL
RCX=0x00000000fffffd38 is an unknown value
RDX=0x0000021eea9e2ba0 points into unknown readable memory: 0x0000774d0000420b | 0b 42 00 00 4d 77 00 00
RSP=0x000000a2b46ff150 is pointing into the stack for thread: 0x0000021ebf56b840
RBP=0x000000000000593c is an unknown value
RSI=0x0000000000001644 is an unknown value
RDI=0x0000021ee48f7080 points into unknown readable memory: 0x0000000000000000 | 00 00 00 00 00 00 00 00
R8 =0x0000000000000004 is an unknown value
R9 =0x0000021eea9e2b80 points into unknown readable memory: 0x0000000402c9e006 | 06 e0 c9 02 04 00 00 00
R10=0x0000021eea9e2b98 points into unknown readable memory: 0x0000021ee3abafe0 | e0 af ab e3 1e 02 00 00
R11=0x00000000000002c8 is an unknown value
R12=0x0000021eea9e2ba0 points into unknown readable memory: 0x0000774d0000420b | 0b 42 00 00 4d 77 00 00
R13=0x0000000000001405 is an unknown value
R14=0x0000000000005910 is an unknown value
R15=0x0 is NULL


Registers:
RAX=0x0000000000000000, RBX=0x0000000000000000, RCX=0x00000000fffffd38, RDX=0x0000021eea9e2ba0
RSP=0x000000a2b46ff150, RBP=0x000000000000593c, RSI=0x0000000000001644, RDI=0x0000021ee48f7080
R8 =0x0000000000000004, R9 =0x0000021eea9e2b80, R10=0x0000021eea9e2b98, R11=0x00000000000002c8
R12=0x0000021eea9e2ba0, R13=0x0000000000001405, R14=0x0000000000005910, R15=0x0000000000000000
RIP=0x00007ff8c4bc0f80, EFLAGS=0x0000000000010293

Top of Stack: (sp=0x000000a2b46ff150)
0x000000a2b46ff150:   0000021ebf56b840 0000000900000001
0x000000a2b46ff160:   0000000000000000 00007ff9173edc73
0x000000a2b46ff170:   0000000000000048 0000021e00000001
0x000000a2b46ff180:   0000000000000000 0000000000000000
0x000000a2b46ff190:   0000000000000000 0000000000000000
0x000000a2b46ff1a0:   0000000000000000 0000000000000000
0x000000a2b46ff1b0:   0000021ebf56b840 0000021ee35a84a8
0x000000a2b46ff1c0:   0000000000000000 0000021ec7039efa
0x000000a2b46ff1d0:   0000021ee3007ed0 0000021ec7041366
0x000000a2b46ff1e0:   000000a2b46ff270 0000021ebf56b801
0x000000a2b46ff1f0:   000000a2b46ff2b0 0000021ee35a84a8
0x000000a2b46ff200:   0000021e00001405 0000000000000000
0x000000a2b46ff210:   0000023da1836e15 0000000000000000
0x000000a2b46ff220:   0000021ebf56b840 000000a2b46ff228
0x000000a2b46ff230:   0000000000000000 000000a2b46ff2b0
0x000000a2b46ff240:   0000021ee35b3a10 0000000000000000 

Instructions: (pc=0x00007ff8c4bc0f80)
0x00007ff8c4bc0e80:   90 00 00 00 4c 8b b4 24 a0 00 00 00 48 8b 9c 24
0x00007ff8c4bc0e90:   a8 00 00 00 48 83 c4 60 41 5f 41 5d 41 5c 5f 5e
0x00007ff8c4bc0ea0:   c3 4c 8b 4f 40 8b c3 48 8b 4f 50 49 2b c9 48 c1
0x00007ff8c4bc0eb0:   f9 02 85 c9 0f 49 c1 c1 e0 02 3b e8 72 0e 8b d5
0x00007ff8c4bc0ec0:   48 8b cf e8 18 85 21 00 4c 8b 4f 40 8b c5 45 89
0x00007ff8c4bc0ed0:   61 04 c1 e0 0b 83 c8 06 41 89 71 08 41 89 01 45
0x00007ff8c4bc0ee0:   89 69 0c 4d 89 79 10 38 9c 24 98 00 00 00 0f 84
0x00007ff8c4bc0ef0:   15 01 00 00 4c 8b 57 40 41 8d 4f 0f 83 e1 f0 49
0x00007ff8c4bc0f00:   83 c2 18 41 2b cf 0f 57 db d1 f9 49 8b c7 44 8b
0x00007ff8c4bc0f10:   c6 66 0f 7f 5c 24 50 49 8d 52 04 03 ca 49 8d 52
0x00007ff8c4bc0f20:   04 f7 d9 83 e1 0f 48 03 d1 4c 8b e2 41 f6 c7 0f
0x00007ff8c4bc0f30:   74 1b 45 85 c0 74 16 8b 08 41 ff c8 66 89 0a 0b
0x00007ff8c4bc0f40:   d9 48 83 c2 02 48 83 c0 04 a8 0f 75 e5 41 83 f8
0x00007ff8c4bc0f50:   08 7e 71 66 0f 6f 25 35 21 6e 01 41 8d 48 f7 66
0x00007ff8c4bc0f60:   0f 6f 2d 39 21 6e 01 c1 e9 03 ff c1 44 8b d9 f7
0x00007ff8c4bc0f70:   d9 45 8d 04 c8 66 66 66 0f 1f 84 00 00 00 00 00
0x00007ff8c4bc0f80:   f3 0f 6f 10 f3 0f 6f 48 10 66 0f 6f c2 66 0f eb
0x00007ff8c4bc0f90:   c3 48 83 c0 20 66 0f 6f d8 66 0f eb d9 0f 18 00
0x00007ff8c4bc0fa0:   66 0f fe d4 66 0f fe cc 66 0f 6b d1 66 0f fd d5
0x00007ff8c4bc0fb0:   f3 0f 7f 12 48 83 c2 10 49 83 eb 01 75 c2 66 0f
0x00007ff8c4bc0fc0:   7f 5c 24 50 8b 4c 24 5c 0b 4c 24 58 0b 4c 24 54
0x00007ff8c4bc0fd0:   0b 4c 24 50 0b d9 45 85 c0 74 1a 0f 1f 44 00 00
0x00007ff8c4bc0fe0:   8b 08 0b d9 66 89 0a 48 8d 52 02 48 8d 40 04 41
0x00007ff8c4bc0ff0:   83 e8 01 75 eb 45 2b e2 45 89 22 f7 c3 00 00 ff
0x00007ff8c4bc1000:   ff 74 46 ff 87 6c f0 55 00 48 8b 5f 40 49 8b d7
0x00007ff8c4bc1010:   4d 63 c6 48 8d 4b 1c e8 34 3f 9d 00 c7 43 18 04
0x00007ff8c4bc1020:   00 00 00 48 63 c5 48 83 e0 fc 48 01 47 40 48 8b
0x00007ff8c4bc1030:   47 40 48 3b 47 48 0f 82 40 fe ff ff 48 8b cf e8
0x00007ff8c4bc1040:   dc 7f 21 00 e9 33 fe ff ff 41 c7 41 0c 03 14 00
0x00007ff8c4bc1050:   00 41 8b 2a 48 8b 47 40 83 c5 03 8d 6c 75 00 83
0x00007ff8c4bc1060:   e5 fc 83 c5 18 8b cd c1 e1 0b 83 c9 06 89 08 8b
0x00007ff8c4bc1070:   87 6c f0 55 00 85 c0 74 aa ff c8 89 87 6c f0 55 


Stack slot to memory mapping:
stack at sp + 0 slots: 0x0000021ebf56b840 is a thread
stack at sp + 1 slots: 0x0000000900000001 is an unknown value
stack at sp + 2 slots: 0x0 is NULL
stack at sp + 3 slots: 0x00007ff9173edc73 KERNELBASE.dll
stack at sp + 4 slots: 0x0000000000000048 is an unknown value
stack at sp + 5 slots: 0x0000021e00000001 is an unknown value
stack at sp + 6 slots: 0x0 is NULL
stack at sp + 7 slots: 0x0 is NULL


---------------  P R O C E S S  ---------------

Threads class SMR info:
_java_thread_list=0x0000021eec23e990, length=18, elements={
0x0000021ebf56b840, 0x0000021ee213c3c0, 0x0000021ee213d340, 0x0000021ee2155050,
0x0000021ee2157b30, 0x0000021ee215cb40, 0x0000021ee215ecf0, 0x0000021ee21686a0,
0x0000021ee216a990, 0x0000021ee2175e80, 0x0000021ee215c1a0, 0x0000021ee2afe940,
0x0000021ee2b01090, 0x0000021ee2b85540, 0x0000021ee215f1c0, 0x0000021ee215e820,
0x0000021eeb681ff0, 0x0000021eeb682500
}

Java Threads: ( => current thread )
=>0x0000021ebf56b840 JavaThread "main" [_thread_in_native, id=10884, stack(0x000000a2b4600000,0x000000a2b4700000)]
  0x0000021ee213c3c0 JavaThread "Reference Handler" daemon [_thread_blocked, id=3816, stack(0x000000a2b4d00000,0x000000a2b4e00000)]
  0x0000021ee213d340 JavaThread "Finalizer" daemon [_thread_blocked, id=16640, stack(0x000000a2b4e00000,0x000000a2b4f00000)]
  0x0000021ee2155050 JavaThread "Signal Dispatcher" daemon [_thread_blocked, id=11752, stack(0x000000a2b4f00000,0x000000a2b5000000)]
  0x0000021ee2157b30 JavaThread "Attach Listener" daemon [_thread_blocked, id=6244, stack(0x000000a2b5000000,0x000000a2b5100000)]
  0x0000021ee215cb40 JavaThread "Service Thread" daemon [_thread_blocked, id=14632, stack(0x000000a2b5100000,0x000000a2b5200000)]
  0x0000021ee215ecf0 JavaThread "Monitor Deflation Thread" daemon [_thread_blocked, id=11480, stack(0x000000a2b5200000,0x000000a2b5300000)]
  0x0000021ee21686a0 JavaThread "C2 CompilerThread0" daemon [_thread_blocked, id=9460, stack(0x000000a2b5300000,0x000000a2b5400000)]
  0x0000021ee216a990 JavaThread "C1 CompilerThread0" daemon [_thread_blocked, id=12008, stack(0x000000a2b5400000,0x000000a2b5500000)]
  0x0000021ee2175e80 JavaThread "Sweeper thread" daemon [_thread_blocked, id=8788, stack(0x000000a2b5500000,0x000000a2b5600000)]
  0x0000021ee215c1a0 JavaThread "Common-Cleaner" daemon [_thread_blocked, id=16520, stack(0x000000a2b5600000,0x000000a2b5700000)]
  0x0000021ee2afe940 JavaThread "JDWP Transport Listener: dt_socket" daemon [_thread_blocked, id=9344, stack(0x000000a2b5800000,0x000000a2b5900000)]
  0x0000021ee2b01090 JavaThread "JDWP Event Helper Thread" daemon [_thread_blocked, id=2576, stack(0x000000a2b5900000,0x000000a2b5a00000)]
  0x0000021ee2b85540 JavaThread "JDWP Command Reader" daemon [_thread_in_native, id=14124, stack(0x000000a2b5a00000,0x000000a2b5b00000)]
  0x0000021ee215f1c0 JavaThread "Notification Thread" daemon [_thread_blocked, id=18280, stack(0x000000a2b5b00000,0x000000a2b5c00000)]
  0x0000021ee215e820 JavaThread "Java2D Disposer" daemon [_thread_blocked, id=13376, stack(0x000000a2b5700000,0x000000a2b5800000)]
  0x0000021eeb681ff0 JavaThread "C2 CompilerThread1" daemon [_thread_blocked, id=1200, stack(0x000000a2b6c00000,0x000000a2b6d00000)]
  0x0000021eeb682500 JavaThread "C2 CompilerThread2" daemon [_thread_blocked, id=4156, stack(0x000000a2b6d00000,0x000000a2b6e00000)]

Other Threads:
  0x0000021ee2138dc0 VMThread "VM Thread" [stack: 0x000000a2b4c00000,0x000000a2b4d00000] [id=5496]
  0x0000021ebf5f6b60 WatcherThread [stack: 0x000000a2b5c00000,0x000000a2b5d00000] [id=15356]
  0x0000021ebf5d9840 GCTaskThread "GC Thread#0" [stack: 0x000000a2b4700000,0x000000a2b4800000] [id=18736]
  0x0000021ee5523350 GCTaskThread "GC Thread#1" [stack: 0x000000a2b6300000,0x000000a2b6400000] [id=14236]
  0x0000021ee56351c0 GCTaskThread "GC Thread#2" [stack: 0x000000a2b6400000,0x000000a2b6500000] [id=13600]
  0x0000021ee5644420 GCTaskThread "GC Thread#3" [stack: 0x000000a2b6500000,0x000000a2b6600000] [id=18336]
  0x0000021ee5582860 GCTaskThread "GC Thread#4" [stack: 0x000000a2b6600000,0x000000a2b6700000] [id=13020]
  0x0000021ee55a3540 GCTaskThread "GC Thread#5" [stack: 0x000000a2b6700000,0x000000a2b6800000] [id=9792]
  0x0000021ee5880460 GCTaskThread "GC Thread#6" [stack: 0x000000a2b6800000,0x000000a2b6900000] [id=7708]
  0x0000021ee5cae850 GCTaskThread "GC Thread#7" [stack: 0x000000a2b6900000,0x000000a2b6a00000] [id=16760]
  0x0000021ee5676800 GCTaskThread "GC Thread#8" [stack: 0x000000a2b6a00000,0x000000a2b6b00000] [id=6788]
  0x0000021ee5676ec0 GCTaskThread "GC Thread#9" [stack: 0x000000a2b6b00000,0x000000a2b6c00000] [id=15992]
  0x0000021ebf5ea830 ConcurrentGCThread "G1 Main Marker" [stack: 0x000000a2b4800000,0x000000a2b4900000] [id=16028]
  0x0000021ebf5ebdb0 ConcurrentGCThread "G1 Conc#0" [stack: 0x000000a2b4900000,0x000000a2b4a00000] [id=15612]
  0x0000021ebf60dda0 ConcurrentGCThread "G1 Refine#0" [stack: 0x000000a2b4a00000,0x000000a2b4b00000] [id=11944]
  0x0000021ebf60e660 ConcurrentGCThread "G1 Service" [stack: 0x000000a2b4b00000,0x000000a2b4c00000] [id=13456]

Threads with active compile tasks:

VM state: not at safepoint (normal execution)

VM Mutex/Monitor currently owned by a thread: None

Heap address: 0x0000000702000000, size: 4064 MB, Compressed Oops mode: Zero based, Oop shift amount: 3

CDS archive(s) mapped at: [0x0000000800000000-0x0000000800bc0000-0x0000000800bc0000), size 12320768, SharedBaseAddress: 0x0000000800000000, ArchiveRelocationMode: 0.
Compressed class space mapped at: 0x0000000800c00000-0x0000000840c00000, reserved size: 1073741824
Narrow klass base: 0x0000000800000000, Narrow klass shift: 0, Narrow klass range: 0x100000000

GC Precious Log:
 CPUs: 12 total, 12 available
 Memory: 16255M
 Large Page Support: Disabled
 NUMA Support: Disabled
 Compressed Oops: Enabled (Zero based)
 Heap Region Size: 2M
 Heap Min Capacity: 8M
 Heap Initial Capacity: 254M
 Heap Max Capacity: 4064M
 Pre-touch: Disabled
 Parallel Workers: 10
 Concurrent Workers: 3
 Concurrent Refinement Workers: 10
 Periodic GC: Disabled

Heap:
 garbage-first heap   total 260096K, used 25930K [0x0000000702000000, 0x0000000800000000)
  region size 2048K, 12 young (24576K), 2 survivors (4096K)
 Metaspace       used 8283K, committed 8512K, reserved 1056768K
  class space    used 594K, committed 704K, reserved 1048576K

Heap Regions: E=young(eden), S=young(survivor), O=old, HS=humongous(starts), HC=humongous(continues), CS=collection set, F=free, OA=open archive, CA=closed archive, TAMS=top-at-mark-start (previous, next)
|   0|0x0000000702000000, 0x0000000702200000, 0x0000000702200000|100%|HS|  |TAMS 0x0000000702000000, 0x0000000702000000| Complete 
|   1|0x0000000702200000, 0x0000000702400000, 0x0000000702400000|100%|HS|  |TAMS 0x0000000702200000, 0x0000000702200000| Complete 
|   2|0x0000000702400000, 0x0000000702400000, 0x0000000702600000|  0%| F|  |TAMS 0x0000000702400000, 0x0000000702400000| Untracked 
|   3|0x0000000702600000, 0x0000000702600000, 0x0000000702800000|  0%| F|  |TAMS 0x0000000702600000, 0x0000000702600000| Untracked 
|   4|0x0000000702800000, 0x0000000702800000, 0x0000000702a00000|  0%| F|  |TAMS 0x0000000702800000, 0x0000000702800000| Untracked 
|   5|0x0000000702a00000, 0x0000000702a00000, 0x0000000702c00000|  0%| F|  |TAMS 0x0000000702a00000, 0x0000000702a00000| Untracked 
|   6|0x0000000702c00000, 0x0000000702c00000, 0x0000000702e00000|  0%| F|  |TAMS 0x0000000702c00000, 0x0000000702c00000| Untracked 
|   7|0x0000000702e00000, 0x0000000702e00000, 0x0000000703000000|  0%| F|  |TAMS 0x0000000702e00000, 0x0000000702e00000| Untracked 
|   8|0x0000000703000000, 0x0000000703000000, 0x0000000703200000|  0%| F|  |TAMS 0x0000000703000000, 0x0000000703000000| Untracked 
|   9|0x0000000703200000, 0x0000000703200000, 0x0000000703400000|  0%| F|  |TAMS 0x0000000703200000, 0x0000000703200000| Untracked 
|  10|0x0000000703400000, 0x0000000703400000, 0x0000000703600000|  0%| F|  |TAMS 0x0000000703400000, 0x0000000703400000| Untracked 
|  11|0x0000000703600000, 0x0000000703600000, 0x0000000703800000|  0%| F|  |TAMS 0x0000000703600000, 0x0000000703600000| Untracked 
|  12|0x0000000703800000, 0x0000000703800000, 0x0000000703a00000|  0%| F|  |TAMS 0x0000000703800000, 0x0000000703800000| Untracked 
|  13|0x0000000703a00000, 0x0000000703a00000, 0x0000000703c00000|  0%| F|  |TAMS 0x0000000703a00000, 0x0000000703a00000| Untracked 
|  14|0x0000000703c00000, 0x0000000703c00000, 0x0000000703e00000|  0%| F|  |TAMS 0x0000000703c00000, 0x0000000703c00000| Untracked 
|  15|0x0000000703e00000, 0x0000000703e00000, 0x0000000704000000|  0%| F|  |TAMS 0x0000000703e00000, 0x0000000703e00000| Untracked 
|  16|0x0000000704000000, 0x0000000704000000, 0x0000000704200000|  0%| F|  |TAMS 0x0000000704000000, 0x0000000704000000| Untracked 
|  17|0x0000000704200000, 0x0000000704200000, 0x0000000704400000|  0%| F|  |TAMS 0x0000000704200000, 0x0000000704200000| Untracked 
|  18|0x0000000704400000, 0x0000000704400000, 0x0000000704600000|  0%| F|  |TAMS 0x0000000704400000, 0x0000000704400000| Untracked 
|  19|0x0000000704600000, 0x0000000704600000, 0x0000000704800000|  0%| F|  |TAMS 0x0000000704600000, 0x0000000704600000| Untracked 
|  20|0x0000000704800000, 0x0000000704800000, 0x0000000704a00000|  0%| F|  |TAMS 0x0000000704800000, 0x0000000704800000| Untracked 
|  21|0x0000000704a00000, 0x0000000704a00000, 0x0000000704c00000|  0%| F|  |TAMS 0x0000000704a00000, 0x0000000704a00000| Untracked 
|  22|0x0000000704c00000, 0x0000000704c00000, 0x0000000704e00000|  0%| F|  |TAMS 0x0000000704c00000, 0x0000000704c00000| Untracked 
|  23|0x0000000704e00000, 0x0000000704e00000, 0x0000000705000000|  0%| F|  |TAMS 0x0000000704e00000, 0x0000000704e00000| Untracked 
|  24|0x0000000705000000, 0x0000000705000000, 0x0000000705200000|  0%| F|  |TAMS 0x0000000705000000, 0x0000000705000000| Untracked 
|  25|0x0000000705200000, 0x0000000705200000, 0x0000000705400000|  0%| F|  |TAMS 0x0000000705200000, 0x0000000705200000| Untracked 
|  26|0x0000000705400000, 0x0000000705400000, 0x0000000705600000|  0%| F|  |TAMS 0x0000000705400000, 0x0000000705400000| Untracked 
|  27|0x0000000705600000, 0x0000000705600000, 0x0000000705800000|  0%| F|  |TAMS 0x0000000705600000, 0x0000000705600000| Untracked 
|  28|0x0000000705800000, 0x0000000705800000, 0x0000000705a00000|  0%| F|  |TAMS 0x0000000705800000, 0x0000000705800000| Untracked 
|  29|0x0000000705a00000, 0x0000000705a00000, 0x0000000705c00000|  0%| F|  |TAMS 0x0000000705a00000, 0x0000000705a00000| Untracked 
|  30|0x0000000705c00000, 0x0000000705c00000, 0x0000000705e00000|  0%| F|  |TAMS 0x0000000705c00000, 0x0000000705c00000| Untracked 
|  31|0x0000000705e00000, 0x0000000705e00000, 0x0000000706000000|  0%| F|  |TAMS 0x0000000705e00000, 0x0000000705e00000| Untracked 
|  32|0x0000000706000000, 0x0000000706000000, 0x0000000706200000|  0%| F|  |TAMS 0x0000000706000000, 0x0000000706000000| Untracked 
|  33|0x0000000706200000, 0x0000000706200000, 0x0000000706400000|  0%| F|  |TAMS 0x0000000706200000, 0x0000000706200000| Untracked 
|  34|0x0000000706400000, 0x0000000706400000, 0x0000000706600000|  0%| F|  |TAMS 0x0000000706400000, 0x0000000706400000| Untracked 
|  35|0x0000000706600000, 0x0000000706600000, 0x0000000706800000|  0%| F|  |TAMS 0x0000000706600000, 0x0000000706600000| Untracked 
|  36|0x0000000706800000, 0x0000000706800000, 0x0000000706a00000|  0%| F|  |TAMS 0x0000000706800000, 0x0000000706800000| Untracked 
|  37|0x0000000706a00000, 0x0000000706a00000, 0x0000000706c00000|  0%| F|  |TAMS 0x0000000706a00000, 0x0000000706a00000| Untracked 
|  38|0x0000000706c00000, 0x0000000706c00000, 0x0000000706e00000|  0%| F|  |TAMS 0x0000000706c00000, 0x0000000706c00000| Untracked 
|  39|0x0000000706e00000, 0x0000000706e00000, 0x0000000707000000|  0%| F|  |TAMS 0x0000000706e00000, 0x0000000706e00000| Untracked 
|  40|0x0000000707000000, 0x0000000707000000, 0x0000000707200000|  0%| F|  |TAMS 0x0000000707000000, 0x0000000707000000| Untracked 
|  41|0x0000000707200000, 0x0000000707200000, 0x0000000707400000|  0%| F|  |TAMS 0x0000000707200000, 0x0000000707200000| Untracked 
|  42|0x0000000707400000, 0x0000000707400000, 0x0000000707600000|  0%| F|  |TAMS 0x0000000707400000, 0x0000000707400000| Untracked 
|  43|0x0000000707600000, 0x0000000707600000, 0x0000000707800000|  0%| F|  |TAMS 0x0000000707600000, 0x0000000707600000| Untracked 
|  44|0x0000000707800000, 0x0000000707800000, 0x0000000707a00000|  0%| F|  |TAMS 0x0000000707800000, 0x0000000707800000| Untracked 
|  45|0x0000000707a00000, 0x0000000707a00000, 0x0000000707c00000|  0%| F|  |TAMS 0x0000000707a00000, 0x0000000707a00000| Untracked 
|  46|0x0000000707c00000, 0x0000000707c00000, 0x0000000707e00000|  0%| F|  |TAMS 0x0000000707c00000, 0x0000000707c00000| Untracked 
|  47|0x0000000707e00000, 0x0000000707e00000, 0x0000000708000000|  0%| F|  |TAMS 0x0000000707e00000, 0x0000000707e00000| Untracked 
|  48|0x0000000708000000, 0x0000000708000000, 0x0000000708200000|  0%| F|  |TAMS 0x0000000708000000, 0x0000000708000000| Untracked 
|  49|0x0000000708200000, 0x0000000708200000, 0x0000000708400000|  0%| F|  |TAMS 0x0000000708200000, 0x0000000708200000| Untracked 
|  50|0x0000000708400000, 0x0000000708400000, 0x0000000708600000|  0%| F|  |TAMS 0x0000000708400000, 0x0000000708400000| Untracked 
|  51|0x0000000708600000, 0x0000000708600000, 0x0000000708800000|  0%| F|  |TAMS 0x0000000708600000, 0x0000000708600000| Untracked 
|  52|0x0000000708800000, 0x0000000708800000, 0x0000000708a00000|  0%| F|  |TAMS 0x0000000708800000, 0x0000000708800000| Untracked 
|  53|0x0000000708a00000, 0x0000000708a00000, 0x0000000708c00000|  0%| F|  |TAMS 0x0000000708a00000, 0x0000000708a00000| Untracked 
|  54|0x0000000708c00000, 0x0000000708c00000, 0x0000000708e00000|  0%| F|  |TAMS 0x0000000708c00000, 0x0000000708c00000| Untracked 
|  55|0x0000000708e00000, 0x0000000708e00000, 0x0000000709000000|  0%| F|  |TAMS 0x0000000708e00000, 0x0000000708e00000| Untracked 
|  56|0x0000000709000000, 0x0000000709000000, 0x0000000709200000|  0%| F|  |TAMS 0x0000000709000000, 0x0000000709000000| Untracked 
|  57|0x0000000709200000, 0x0000000709200000, 0x0000000709400000|  0%| F|  |TAMS 0x0000000709200000, 0x0000000709200000| Untracked 
|  58|0x0000000709400000, 0x0000000709400000, 0x0000000709600000|  0%| F|  |TAMS 0x0000000709400000, 0x0000000709400000| Untracked 
|  59|0x0000000709600000, 0x0000000709600000, 0x0000000709800000|  0%| F|  |TAMS 0x0000000709600000, 0x0000000709600000| Untracked 
|  60|0x0000000709800000, 0x0000000709800000, 0x0000000709a00000|  0%| F|  |TAMS 0x0000000709800000, 0x0000000709800000| Untracked 
|  61|0x0000000709a00000, 0x0000000709a00000, 0x0000000709c00000|  0%| F|  |TAMS 0x0000000709a00000, 0x0000000709a00000| Untracked 
|  62|0x0000000709c00000, 0x0000000709c00000, 0x0000000709e00000|  0%| F|  |TAMS 0x0000000709c00000, 0x0000000709c00000| Untracked 
|  63|0x0000000709e00000, 0x0000000709e00000, 0x000000070a000000|  0%| F|  |TAMS 0x0000000709e00000, 0x0000000709e00000| Untracked 
|  64|0x000000070a000000, 0x000000070a000000, 0x000000070a200000|  0%| F|  |TAMS 0x000000070a000000, 0x000000070a000000| Untracked 
|  65|0x000000070a200000, 0x000000070a200000, 0x000000070a400000|  0%| F|  |TAMS 0x000000070a200000, 0x000000070a200000| Untracked 
|  66|0x000000070a400000, 0x000000070a400000, 0x000000070a600000|  0%| F|  |TAMS 0x000000070a400000, 0x000000070a400000| Untracked 
|  67|0x000000070a600000, 0x000000070a600000, 0x000000070a800000|  0%| F|  |TAMS 0x000000070a600000, 0x000000070a600000| Untracked 
|  68|0x000000070a800000, 0x000000070a800000, 0x000000070aa00000|  0%| F|  |TAMS 0x000000070a800000, 0x000000070a800000| Untracked 
|  69|0x000000070aa00000, 0x000000070aa00000, 0x000000070ac00000|  0%| F|  |TAMS 0x000000070aa00000, 0x000000070aa00000| Untracked 
|  70|0x000000070ac00000, 0x000000070ac00000, 0x000000070ae00000|  0%| F|  |TAMS 0x000000070ac00000, 0x000000070ac00000| Untracked 
|  71|0x000000070ae00000, 0x000000070ae00000, 0x000000070b000000|  0%| F|  |TAMS 0x000000070ae00000, 0x000000070ae00000| Untracked 
|  72|0x000000070b000000, 0x000000070b000000, 0x000000070b200000|  0%| F|  |TAMS 0x000000070b000000, 0x000000070b000000| Untracked 
|  73|0x000000070b200000, 0x000000070b200000, 0x000000070b400000|  0%| F|  |TAMS 0x000000070b200000, 0x000000070b200000| Untracked 
|  74|0x000000070b400000, 0x000000070b400000, 0x000000070b600000|  0%| F|  |TAMS 0x000000070b400000, 0x000000070b400000| Untracked 
|  75|0x000000070b600000, 0x000000070b600000, 0x000000070b800000|  0%| F|  |TAMS 0x000000070b600000, 0x000000070b600000| Untracked 
|  76|0x000000070b800000, 0x000000070b800000, 0x000000070ba00000|  0%| F|  |TAMS 0x000000070b800000, 0x000000070b800000| Untracked 
|  77|0x000000070ba00000, 0x000000070ba00000, 0x000000070bc00000|  0%| F|  |TAMS 0x000000070ba00000, 0x000000070ba00000| Untracked 
|  78|0x000000070bc00000, 0x000000070bc00000, 0x000000070be00000|  0%| F|  |TAMS 0x000000070bc00000, 0x000000070bc00000| Untracked 
|  79|0x000000070be00000, 0x000000070be00000, 0x000000070c000000|  0%| F|  |TAMS 0x000000070be00000, 0x000000070be00000| Untracked 
|  80|0x000000070c000000, 0x000000070c000000, 0x000000070c200000|  0%| F|  |TAMS 0x000000070c000000, 0x000000070c000000| Untracked 
|  81|0x000000070c200000, 0x000000070c200000, 0x000000070c400000|  0%| F|  |TAMS 0x000000070c200000, 0x000000070c200000| Untracked 
|  82|0x000000070c400000, 0x000000070c400000, 0x000000070c600000|  0%| F|  |TAMS 0x000000070c400000, 0x000000070c400000| Untracked 
|  83|0x000000070c600000, 0x000000070c600000, 0x000000070c800000|  0%| F|  |TAMS 0x000000070c600000, 0x000000070c600000| Untracked 
|  84|0x000000070c800000, 0x000000070c800000, 0x000000070ca00000|  0%| F|  |TAMS 0x000000070c800000, 0x000000070c800000| Untracked 
|  85|0x000000070ca00000, 0x000000070ca00000, 0x000000070cc00000|  0%| F|  |TAMS 0x000000070ca00000, 0x000000070ca00000| Untracked 
|  86|0x000000070cc00000, 0x000000070cc00000, 0x000000070ce00000|  0%| F|  |TAMS 0x000000070cc00000, 0x000000070cc00000| Untracked 
|  87|0x000000070ce00000, 0x000000070ce00000, 0x000000070d000000|  0%| F|  |TAMS 0x000000070ce00000, 0x000000070ce00000| Untracked 
|  88|0x000000070d000000, 0x000000070d000000, 0x000000070d200000|  0%| F|  |TAMS 0x000000070d000000, 0x000000070d000000| Untracked 
|  89|0x000000070d200000, 0x000000070d200000, 0x000000070d400000|  0%| F|  |TAMS 0x000000070d200000, 0x000000070d200000| Untracked 
|  90|0x000000070d400000, 0x000000070d400000, 0x000000070d600000|  0%| F|  |TAMS 0x000000070d400000, 0x000000070d400000| Untracked 
|  91|0x000000070d600000, 0x000000070d600000, 0x000000070d800000|  0%| F|  |TAMS 0x000000070d600000, 0x000000070d600000| Untracked 
|  92|0x000000070d800000, 0x000000070d800000, 0x000000070da00000|  0%| F|  |TAMS 0x000000070d800000, 0x000000070d800000| Untracked 
|  93|0x000000070da00000, 0x000000070da00000, 0x000000070dc00000|  0%| F|  |TAMS 0x000000070da00000, 0x000000070da00000| Untracked 
|  94|0x000000070dc00000, 0x000000070dc00000, 0x000000070de00000|  0%| F|  |TAMS 0x000000070dc00000, 0x000000070dc00000| Untracked 
|  95|0x000000070de00000, 0x000000070de00000, 0x000000070e000000|  0%| F|  |TAMS 0x000000070de00000, 0x000000070de00000| Untracked 
|  96|0x000000070e000000, 0x000000070e000000, 0x000000070e200000|  0%| F|  |TAMS 0x000000070e000000, 0x000000070e000000| Untracked 
|  97|0x000000070e200000, 0x000000070e200000, 0x000000070e400000|  0%| F|  |TAMS 0x000000070e200000, 0x000000070e200000| Untracked 
|  98|0x000000070e400000, 0x000000070e400000, 0x000000070e600000|  0%| F|  |TAMS 0x000000070e400000, 0x000000070e400000| Untracked 
|  99|0x000000070e600000, 0x000000070e600000, 0x000000070e800000|  0%| F|  |TAMS 0x000000070e600000, 0x000000070e600000| Untracked 
| 100|0x000000070e800000, 0x000000070e800000, 0x000000070ea00000|  0%| F|  |TAMS 0x000000070e800000, 0x000000070e800000| Untracked 
| 101|0x000000070ea00000, 0x000000070ea00000, 0x000000070ec00000|  0%| F|  |TAMS 0x000000070ea00000, 0x000000070ea00000| Untracked 
| 102|0x000000070ec00000, 0x000000070ec00000, 0x000000070ee00000|  0%| F|  |TAMS 0x000000070ec00000, 0x000000070ec00000| Untracked 
| 103|0x000000070ee00000, 0x000000070ee00000, 0x000000070f000000|  0%| F|  |TAMS 0x000000070ee00000, 0x000000070ee00000| Untracked 
| 104|0x000000070f000000, 0x000000070f000000, 0x000000070f200000|  0%| F|  |TAMS 0x000000070f000000, 0x000000070f000000| Untracked 
| 105|0x000000070f200000, 0x000000070f200000, 0x000000070f400000|  0%| F|  |TAMS 0x000000070f200000, 0x000000070f200000| Untracked 
| 106|0x000000070f400000, 0x000000070f400000, 0x000000070f600000|  0%| F|  |TAMS 0x000000070f400000, 0x000000070f400000| Untracked 
| 107|0x000000070f600000, 0x000000070f600000, 0x000000070f800000|  0%| F|  |TAMS 0x000000070f600000, 0x000000070f600000| Untracked 
| 108|0x000000070f800000, 0x000000070f800000, 0x000000070fa00000|  0%| F|  |TAMS 0x000000070f800000, 0x000000070f800000| Untracked 
| 109|0x000000070fa00000, 0x000000070fa00000, 0x000000070fc00000|  0%| F|  |TAMS 0x000000070fa00000, 0x000000070fa00000| Untracked 
| 110|0x000000070fc00000, 0x000000070fc00000, 0x000000070fe00000|  0%| F|  |TAMS 0x000000070fc00000, 0x000000070fc00000| Untracked 
| 111|0x000000070fe00000, 0x000000070fe00000, 0x0000000710000000|  0%| F|  |TAMS 0x000000070fe00000, 0x000000070fe00000| Untracked 
| 112|0x0000000710000000, 0x0000000710000000, 0x0000000710200000|  0%| F|  |TAMS 0x0000000710000000, 0x0000000710000000| Untracked 
| 113|0x0000000710200000, 0x0000000710200000, 0x0000000710400000|  0%| F|  |TAMS 0x0000000710200000, 0x0000000710200000| Untracked 
| 114|0x0000000710400000, 0x0000000710552a40, 0x0000000710600000| 66%| S|CS|TAMS 0x0000000710400000, 0x0000000710400000| Complete 
| 115|0x0000000710600000, 0x0000000710800000, 0x0000000710800000|100%| S|CS|TAMS 0x0000000710600000, 0x0000000710600000| Complete 
| 116|0x0000000710800000, 0x0000000710800000, 0x0000000710a00000|  0%| F|  |TAMS 0x0000000710800000, 0x0000000710800000| Untracked 
| 117|0x0000000710a00000, 0x0000000710b54f30, 0x0000000710c00000| 66%| E|  |TAMS 0x0000000710a00000, 0x0000000710a00000| Complete 
| 118|0x0000000710c00000, 0x0000000710e00000, 0x0000000710e00000|100%| E|CS|TAMS 0x0000000710c00000, 0x0000000710c00000| Complete 
| 119|0x0000000710e00000, 0x0000000711000000, 0x0000000711000000|100%| E|CS|TAMS 0x0000000710e00000, 0x0000000710e00000| Complete 
| 120|0x0000000711000000, 0x0000000711200000, 0x0000000711200000|100%| E|CS|TAMS 0x0000000711000000, 0x0000000711000000| Complete 
| 121|0x0000000711200000, 0x0000000711400000, 0x0000000711400000|100%| E|CS|TAMS 0x0000000711200000, 0x0000000711200000| Complete 
| 122|0x0000000711400000, 0x0000000711600000, 0x0000000711600000|100%| E|CS|TAMS 0x0000000711400000, 0x0000000711400000| Complete 
| 123|0x0000000711600000, 0x0000000711800000, 0x0000000711800000|100%| E|CS|TAMS 0x0000000711600000, 0x0000000711600000| Complete 
| 124|0x0000000711800000, 0x0000000711a00000, 0x0000000711a00000|100%| E|CS|TAMS 0x0000000711800000, 0x0000000711800000| Complete 
| 125|0x0000000711a00000, 0x0000000711c00000, 0x0000000711c00000|100%| E|CS|TAMS 0x0000000711a00000, 0x0000000711a00000| Complete 
| 126|0x0000000711c00000, 0x0000000711e00000, 0x0000000711e00000|100%| E|CS|TAMS 0x0000000711c00000, 0x0000000711c00000| Complete 

Card table byte_map: [0x0000021ed6d70000,0x0000021ed7560000] _byte_map_base: 0x0000021ed3560000

Marking Bits (Prev, Next): (CMBitMap*) 0x0000021ebf5d9e50, (CMBitMap*) 0x0000021ebf5d9e90
 Prev Bits: [0x0000021ed7d50000, 0x0000021edbcd0000)
 Next Bits: [0x0000021edbcd0000, 0x0000021edfc50000)

Polling page: 0x0000021ebd490000

Metaspace:

Usage:
  Non-class:      7.51 MB used.
      Class:    594.57 KB used.
       Both:      8.09 MB used.

Virtual space:
  Non-class space:        8.00 MB reserved,       7.62 MB ( 95%) committed,  1 nodes.
      Class space:        1.00 GB reserved,     704.00 KB ( <1%) committed,  1 nodes.
             Both:        1.01 GB reserved,       8.31 MB ( <1%) committed. 

Chunk freelists:
   Non-Class:  16.00 KB
       Class:  3.17 MB
        Both:  3.18 MB

MaxMetaspaceSize: unlimited
CompressedClassSpaceSize: 1.00 GB
Initial GC threshold: 21.00 MB
Current GC threshold: 21.00 MB
CDS: on
MetaspaceReclaimPolicy: balanced
 - commit_granule_bytes: 65536.
 - commit_granule_words: 8192.
 - virtual_space_node_default_size: 1048576.
 - enlarge_chunks_in_place: 1.
 - new_chunks_are_fully_committed: 0.
 - uncommit_free_chunks: 1.
 - use_allocation_guard: 0.
 - handle_deallocations: 1.


Internal statistics:

num_allocs_failed_limit: 0.
num_arena_births: 148.
num_arena_deaths: 0.
num_vsnodes_births: 2.
num_vsnodes_deaths: 0.
num_space_committed: 131.
num_space_uncommitted: 0.
num_chunks_returned_to_freelist: 0.
num_chunks_taken_from_freelist: 340.
num_chunk_merges: 0.
num_chunk_splits: 228.
num_chunks_enlarged: 159.
num_purges: 0.
num_inconsistent_stats: 0.

CodeHeap 'non-profiled nmethods': size=120000Kb used=547Kb max_used=547Kb free=119452Kb
 bounds [0x0000021eceb00000, 0x0000021eced70000, 0x0000021ed6030000]
CodeHeap 'profiled nmethods': size=120000Kb used=2060Kb max_used=2060Kb free=117939Kb
 bounds [0x0000021ec75d0000, 0x0000021ec7840000, 0x0000021eceb00000]
CodeHeap 'non-nmethods': size=5760Kb used=1762Kb max_used=1788Kb free=3997Kb
 bounds [0x0000021ec7030000, 0x0000021ec72a0000, 0x0000021ec75d0000]
 total_blobs=2416 nmethods=1262 adapters=1067
 compilation: enabled
              stopped_count=0, restarted_count=0
 full_count=0

Compilation events (20 events):
Event: 1.092 Thread 0x0000021ee216a990 nmethod 1254 0x0000021ec77cf710 code [0x0000021ec77cf8c0, 0x0000021ec77cfbc8]
Event: 1.092 Thread 0x0000021ee216a990 1253       3       io.bluestaggo.voxelthing.renderer.world.BlockRenderer::getShade (8 bytes)
Event: 1.092 Thread 0x0000021ee21686a0 nmethod 1224 0x0000021eceb83a90 code [0x0000021eceb83c80, 0x0000021eceb846f8]
Event: 1.092 Thread 0x0000021ee216a990 nmethod 1253 0x0000021ec77cfd90 code [0x0000021ec77cff40, 0x0000021ec77d0078]
Event: 1.092 Thread 0x0000021ee21686a0 1255       4       io.bluestaggo.voxelthing.renderer.world.BlockRenderer::render (140 bytes)
Event: 1.093 Thread 0x0000021ee216a990 1256       3       io.bluestaggo.voxelthing.renderer.world.BlockRenderer$$Lambda$92/0x0000000800c8dfb8::render (15 bytes)
Event: 1.093 Thread 0x0000021ee216a990 nmethod 1256 0x0000021ec77d0110 code [0x0000021ec77d02c0, 0x0000021ec77d0448]
Event: 1.093 Thread 0x0000021ee216a990 1257       3       io.bluestaggo.voxelthing.renderer.world.BlockRenderer::renderTopFace (206 bytes)
Event: 1.093 Thread 0x0000021ee216a990 nmethod 1257 0x0000021ec77d0510 code [0x0000021ec77d07c0, 0x0000021ec77d1488]
Event: 1.094 Thread 0x0000021eeb682500 1258       4       io.bluestaggo.voxelthing.util.IntList::add (38 bytes)
Event: 1.094 Thread 0x0000021eeb681ff0 nmethod 1250 0x0000021eceb84d90 code [0x0000021eceb84f20, 0x0000021eceb85498]
Event: 1.095 Thread 0x0000021ee216a990 1259       3       io.bluestaggo.voxelthing.renderer.world.BlockRenderer$$Lambda$90/0x0000000800c8db78::render (15 bytes)
Event: 1.095 Thread 0x0000021ee216a990 nmethod 1259 0x0000021ec77d1910 code [0x0000021ec77d1ac0, 0x0000021ec77d1c48]
Event: 1.095 Thread 0x0000021ee216a990 1260       3       io.bluestaggo.voxelthing.renderer.world.BlockRenderer::renderEastFace (206 bytes)
Event: 1.095 Thread 0x0000021ee216a990 nmethod 1260 0x0000021ec77d1d10 code [0x0000021ec77d1fc0, 0x0000021ec77d2c08]
Event: 1.095 Thread 0x0000021eeb682500 nmethod 1258 0x0000021eceb85910 code [0x0000021eceb85aa0, 0x0000021eceb85cc8]
Event: 1.095 Thread 0x0000021eeb682500 1261       4       java.util.ArrayList::add (25 bytes)
Event: 1.096 Thread 0x0000021eeb681ff0 1262       4       io.bluestaggo.voxelthing.renderer.world.WorldVertex::<init> (39 bytes)
Event: 1.097 Thread 0x0000021eeb682500 nmethod 1261 0x0000021eceb85e10 code [0x0000021eceb85fa0, 0x0000021eceb86248]
Event: 1.099 Thread 0x0000021eeb681ff0 nmethod 1262 0x0000021eceb86390 code [0x0000021eceb86520, 0x0000021eceb86a18]

GC Heap History (2 events):
Event: 0.674 GC heap before
{Heap before GC invocations=0 (full 0):
 garbage-first heap   total 260096K, used 20480K [0x0000000702000000, 0x0000000800000000)
  region size 2048K, 11 young (22528K), 0 survivors (0K)
 Metaspace       used 8088K, committed 8320K, reserved 1056768K
  class space    used 576K, committed 704K, reserved 1048576K
}
Event: 0.677 GC heap after
{Heap after GC invocations=1 (full 0):
 garbage-first heap   total 260096K, used 3402K [0x0000000702000000, 0x0000000800000000)
  region size 2048K, 2 young (4096K), 2 survivors (4096K)
 Metaspace       used 8088K, committed 8320K, reserved 1056768K
  class space    used 576K, committed 704K, reserved 1048576K
}

Dll operation events (12 events):
Event: 0.006 Loaded shared library C:\Java\bin\java.dll
Event: 0.007 Loaded shared library C:\Java\bin\zip.dll
Event: 0.013 Loaded shared library C:\Java\bin\jsvml.dll
Event: 0.081 Loaded shared library C:\java\bin\instrument.dll
Event: 0.095 Loaded shared library C:\java\bin\net.dll
Event: 0.096 Loaded shared library C:\java\bin\nio.dll
Event: 0.099 Loaded shared library C:\java\bin\zip.dll
Event: 0.141 Loaded shared library C:\java\bin\jimage.dll
Event: 0.165 Loaded shared library C:\Users\oweng\AppData\Local\Temp\lwjgl_oweng\3.3.2+13\x64\lwjgl.dll
Event: 0.387 Loaded shared library C:\Users\oweng\AppData\Local\Temp\lwjgl_oweng\3.3.2+13\x64\lwjgl_opengl.dll
Event: 0.462 Loaded shared library C:\java\bin\awt.dll
Event: 0.522 Loaded shared library C:\Java\bin\verify.dll

Deoptimization events (20 events):
Event: 1.020 Thread 0x0000021ebf56b840 DEOPT PACKING pc=0x0000021ec779356e sp=0x000000a2b46fedb0
Event: 1.020 Thread 0x0000021ebf56b840 DEOPT UNPACKING pc=0x0000021ec7082b43 sp=0x000000a2b46fe280 mode 0
Event: 1.021 Thread 0x0000021ebf56b840 DEOPT PACKING pc=0x0000021ec779356e sp=0x000000a2b46fedb0
Event: 1.021 Thread 0x0000021ebf56b840 DEOPT UNPACKING pc=0x0000021ec7082b43 sp=0x000000a2b46fe280 mode 0
Event: 1.021 Thread 0x0000021ebf56b840 DEOPT PACKING pc=0x0000021ec779356e sp=0x000000a2b46fedb0
Event: 1.021 Thread 0x0000021ebf56b840 DEOPT UNPACKING pc=0x0000021ec7082b43 sp=0x000000a2b46fe280 mode 0
Event: 1.021 Thread 0x0000021ebf56b840 DEOPT PACKING pc=0x0000021ec779356e sp=0x000000a2b46fedb0
Event: 1.021 Thread 0x0000021ebf56b840 DEOPT UNPACKING pc=0x0000021ec7082b43 sp=0x000000a2b46fe280 mode 0
Event: 1.022 Thread 0x0000021ebf56b840 DEOPT PACKING pc=0x0000021ec779356e sp=0x000000a2b46fedb0
Event: 1.022 Thread 0x0000021ebf56b840 DEOPT UNPACKING pc=0x0000021ec7082b43 sp=0x000000a2b46fe280 mode 0
Event: 1.022 Thread 0x0000021ebf56b840 DEOPT PACKING pc=0x0000021ec779356e sp=0x000000a2b46fedb0
Event: 1.022 Thread 0x0000021ebf56b840 DEOPT UNPACKING pc=0x0000021ec7082b43 sp=0x000000a2b46fe280 mode 0
Event: 1.022 Thread 0x0000021ebf56b840 DEOPT PACKING pc=0x0000021ec779356e sp=0x000000a2b46fedb0
Event: 1.022 Thread 0x0000021ebf56b840 DEOPT UNPACKING pc=0x0000021ec7082b43 sp=0x000000a2b46fe280 mode 0
Event: 1.023 Thread 0x0000021ebf56b840 DEOPT PACKING pc=0x0000021ec779356e sp=0x000000a2b46fedb0
Event: 1.023 Thread 0x0000021ebf56b840 DEOPT UNPACKING pc=0x0000021ec7082b43 sp=0x000000a2b46fe280 mode 0
Event: 1.056 Thread 0x0000021ebf56b840 Uncommon trap: trap_request=0xffffffde fr.pc=0x0000021eceb64168 relative=0x0000000000000348
Event: 1.056 Thread 0x0000021ebf56b840 Uncommon trap: reason=class_check action=maybe_recompile pc=0x0000021eceb64168 method=java.util.stream.AbstractPipeline.<init>(Ljava/util/stream/AbstractPipeline;I)V @ 66 c2
Event: 1.056 Thread 0x0000021ebf56b840 DEOPT PACKING pc=0x0000021eceb64168 sp=0x000000a2b46ff130
Event: 1.056 Thread 0x0000021ebf56b840 DEOPT UNPACKING pc=0x0000021ec70823a3 sp=0x000000a2b46ff110 mode 2

Classes unloaded (0 events):
No events

Classes redefined (0 events):
No events

Internal exceptions (20 events):
Event: 0.201 Thread 0x0000021ebf56b840 Exception <a 'java/lang/NoSuchMethodError'{0x00000007117b7098}: 'java.lang.Object java.lang.invoke.DirectMethodHandle$Holder.newInvokeSpecial(java.lang.Object, java.lang.Object, int)'> (0x00000007117b7098) 
thrown [s\src\hotspot\share\interpreter\linkResolver.cpp, line 759]
Event: 0.203 Thread 0x0000021ebf56b840 Exception <a 'java/lang/NoSuchMethodError'{0x00000007117c8720}: 'int java.lang.invoke.DirectMethodHandle$Holder.invokeStaticInit(java.lang.Object, java.lang.Object, long, long)'> (0x00000007117c8720) 
thrown [s\src\hotspot\share\interpreter\linkResolver.cpp, line 759]
Event: 0.204 Thread 0x0000021ebf56b840 Exception <a 'java/lang/NoSuchMethodError'{0x00000007117ce830}: 'java.lang.Object java.lang.invoke.DirectMethodHandle$Holder.newInvokeSpecial(java.lang.Object, java.lang.Object, long)'> (0x00000007117ce830) 
thrown [s\src\hotspot\share\interpreter\linkResolver.cpp, line 759]
Event: 0.205 Thread 0x0000021ebf56b840 Exception <a 'java/lang/NoSuchMethodError'{0x00000007117d2878}: 'java.lang.Object java.lang.invoke.Invokers$Holder.linkToTargetMethod(java.lang.Object, long, java.lang.Object)'> (0x00000007117d2878) 
thrown [s\src\hotspot\share\interpreter\linkResolver.cpp, line 759]
Event: 0.205 Thread 0x0000021ebf56b840 Exception <a 'java/lang/NoSuchMethodError'{0x00000007117d9f90}: 'int java.lang.invoke.DirectMethodHandle$Holder.invokeStaticInit(java.lang.Object, java.lang.Object, java.lang.Object, long)'> (0x00000007117d9f90) 
thrown [s\src\hotspot\share\interpreter\linkResolver.cpp, line 759]
Event: 0.222 Thread 0x0000021ebf56b840 Exception <a 'sun/nio/fs/WindowsException'{0x00000007114bbc28}> (0x00000007114bbc28) 
thrown [s\src\hotspot\share\prims\jni.cpp, line 516]
Event: 0.222 Thread 0x0000021ebf56b840 Exception <a 'sun/nio/fs/WindowsException'{0x00000007114bbf88}> (0x00000007114bbf88) 
thrown [s\src\hotspot\share\prims\jni.cpp, line 516]
Event: 0.386 Thread 0x0000021ebf56b840 Exception <a 'sun/nio/fs/WindowsException'{0x000000071155d188}> (0x000000071155d188) 
thrown [s\src\hotspot\share\prims\jni.cpp, line 516]
Event: 0.386 Thread 0x0000021ebf56b840 Exception <a 'sun/nio/fs/WindowsException'{0x000000071155d530}> (0x000000071155d530) 
thrown [s\src\hotspot\share\prims\jni.cpp, line 516]
Event: 0.392 Thread 0x0000021ebf56b840 Exception <a 'sun/nio/fs/WindowsException'{0x000000071156a590}> (0x000000071156a590) 
thrown [s\src\hotspot\share\prims\jni.cpp, line 516]
Event: 0.392 Thread 0x0000021ebf56b840 Exception <a 'sun/nio/fs/WindowsException'{0x000000071156a870}> (0x000000071156a870) 
thrown [s\src\hotspot\share\prims\jni.cpp, line 516]
Event: 0.458 Thread 0x0000021ebf56b840 Exception <a 'java/lang/ClassNotFoundException'{0x00000007110388d8}: sun/awt/resources/spi/awtProvider> (0x00000007110388d8) 
thrown [s\src\hotspot\share\classfile\systemDictionary.cpp, line 256]
Event: 0.469 Thread 0x0000021ebf56b840 Exception <a 'java/io/FileNotFoundException'{0x00000007110930b0}> (0x00000007110930b0) 
thrown [s\src\hotspot\share\prims\jni.cpp, line 516]
Event: 0.473 Thread 0x0000021ebf56b840 Exception <a 'java/io/FileNotFoundException'{0x00000007110c20e0}> (0x00000007110c20e0) 
thrown [s\src\hotspot\share\prims\jni.cpp, line 516]
Event: 0.483 Thread 0x0000021ebf56b840 Exception <a 'java/lang/NoSuchMethodError'{0x000000071114b2b8}: 'java.lang.Object java.lang.invoke.DirectMethodHandle$Holder.invokeStaticInit(java.lang.Object, int, int, int, int)'> (0x000000071114b2b8) 
thrown [s\src\hotspot\share\interpreter\linkResolver.cpp, line 759]
Event: 0.504 Thread 0x0000021ebf56b840 Exception <a 'java/lang/NoSuchMethodError'{0x000000071119f428}: 'java.lang.Object java.lang.invoke.DirectMethodHandle$Holder.invokeStaticInit(java.lang.Object, java.lang.Object, int, int, int, int)'> (0x000000071119f428) 
thrown [s\src\hotspot\share\interpreter\linkResolver.cpp, line 759]
Event: 0.518 Thread 0x0000021ebf56b840 Exception <a 'java/lang/NoSuchMethodError'{0x0000000710e2ceb0}: 'void java.lang.invoke.DirectMethodHandle$Holder.invokeStatic(java.lang.Object, long)'> (0x0000000710e2ceb0) 
thrown [s\src\hotspot\share\interpreter\linkResolver.cpp, line 759]
Event: 0.625 Thread 0x0000021ebf56b840 Implicit null exception at 0x0000021eceb4e4c1 to 0x0000021eceb4fdfa
Event: 1.080 Thread 0x0000021ebf56b840 Exception <a 'java/lang/NoSuchMethodError'{0x0000000710dc5198}: 'float java.lang.invoke.DirectMethodHandle$Holder.invokeStaticInit(java.lang.Object, long, double, double)'> (0x0000000710dc5198) 
thrown [s\src\hotspot\share\interpreter\linkResolver.cpp, line 759]
Event: 1.082 Thread 0x0000021ebf56b840 Exception <a 'java/lang/NoSuchMethodError'{0x0000000710ddb760}: 'float java.lang.invoke.DirectMethodHandle$Holder.invokeStaticInit(java.lang.Object, long, double, double, double)'> (0x0000000710ddb760) 
thrown [s\src\hotspot\share\interpreter\linkResolver.cpp, line 759]

VM Operations (14 events):
Event: 0.050 Executing VM operation: HandshakeAllThreads
Event: 0.050 Executing VM operation: HandshakeAllThreads done
Event: 0.062 Executing VM operation: ChangeBreakpoints
Event: 0.062 Executing VM operation: ChangeBreakpoints done
Event: 0.080 Executing VM operation: ChangeBreakpoints
Event: 0.080 Executing VM operation: ChangeBreakpoints done
Event: 0.080 Executing VM operation: ChangeBreakpoints
Event: 0.080 Executing VM operation: ChangeBreakpoints done
Event: 0.453 Executing VM operation: HandshakeAllThreads
Event: 0.453 Executing VM operation: HandshakeAllThreads done
Event: 0.488 Executing VM operation: HandshakeAllThreads
Event: 0.488 Executing VM operation: HandshakeAllThreads done
Event: 0.674 Executing VM operation: G1CollectForAllocation
Event: 0.677 Executing VM operation: G1CollectForAllocation done

Events (20 events):
Event: 1.078 loading class io/bluestaggo/voxelthing/util/OpenSimplex2Octaves$NoiseFunction2
Event: 1.078 loading class io/bluestaggo/voxelthing/util/OpenSimplex2Octaves$NoiseFunction2 done
Event: 1.078 loading class io/bluestaggo/voxelthing/util/OpenSimplex2Octaves$NoiseFunction2
Event: 1.078 loading class io/bluestaggo/voxelthing/util/OpenSimplex2Octaves$NoiseFunction2 done
Event: 1.079 loading class io/bluestaggo/voxelthing/util/OpenSimplex2
Event: 1.079 loading class io/bluestaggo/voxelthing/util/OpenSimplex2 done
Event: 1.080 loading class io/bluestaggo/voxelthing/util/OpenSimplex2Octaves$OctaveFunction
Event: 1.080 loading class io/bluestaggo/voxelthing/util/OpenSimplex2Octaves$OctaveFunction done
Event: 1.080 loading class io/bluestaggo/voxelthing/util/OpenSimplex2Octaves$FreqNoiseFunction
Event: 1.080 loading class io/bluestaggo/voxelthing/util/OpenSimplex2Octaves$FreqNoiseFunction done
Event: 1.081 loading class io/bluestaggo/voxelthing/util/OpenSimplex2Octaves$FreqNoiseFunction
Event: 1.081 loading class io/bluestaggo/voxelthing/util/OpenSimplex2Octaves$FreqNoiseFunction done
Event: 1.082 loading class io/bluestaggo/voxelthing/util/OpenSimplex2Octaves$NoiseFunction3
Event: 1.082 loading class io/bluestaggo/voxelthing/util/OpenSimplex2Octaves$NoiseFunction3 done
Event: 1.082 loading class io/bluestaggo/voxelthing/util/OpenSimplex2Octaves$NoiseFunction3
Event: 1.082 loading class io/bluestaggo/voxelthing/util/OpenSimplex2Octaves$NoiseFunction3 done
Event: 1.085 loading class io/bluestaggo/voxelthing/util/MathUtil
Event: 1.085 loading class io/bluestaggo/voxelthing/util/MathUtil done
Event: 1.088 loading class io/bluestaggo/voxelthing/world/Direction
Event: 1.088 loading class io/bluestaggo/voxelthing/world/Direction done


Dynamic libraries:
0x00007ff7659a0000 - 0x00007ff7659ae000 	C:\Java\bin\java.exe
0x00007ff919ee0000 - 0x00007ff91a0e9000 	C:\Windows\SYSTEM32\ntdll.dll
0x00007ff918450000 - 0x00007ff91850e000 	C:\Windows\System32\KERNEL32.DLL
0x00007ff917370000 - 0x00007ff9176f4000 	C:\Windows\System32\KERNELBASE.dll
0x0000000073130000 - 0x0000000073461000 	C:\Program Files\Norton Security\NortonData\22.21.9.25\Definitions\IPSDefs\20230804.061\IPSEng64.dll
0x00007ff9180b0000 - 0x00007ff91815f000 	C:\Windows\System32\ADVAPI32.dll
0x00007ff917ea0000 - 0x00007ff917f43000 	C:\Windows\System32\msvcrt.dll
0x00007ff918b80000 - 0x00007ff918c1e000 	C:\Windows\System32\sechost.dll
0x00007ff917d70000 - 0x00007ff917e91000 	C:\Windows\System32\RPCRT4.dll
0x00007ff919870000 - 0x00007ff919878000 	C:\Windows\System32\PSAPI.DLL
0x00007ff917820000 - 0x00007ff917931000 	C:\Windows\System32\ucrtbase.dll
0x00007ff90cf40000 - 0x00007ff90cf57000 	C:\Java\bin\jli.dll
0x00007ff90cfd0000 - 0x00007ff90cfe9000 	C:\Java\bin\VCRUNTIME140.dll
0x00007ff9182a0000 - 0x00007ff91844d000 	C:\Windows\System32\USER32.dll
0x00007ff917940000 - 0x00007ff917966000 	C:\Windows\System32\win32u.dll
0x00007ff909530000 - 0x00007ff9097d5000 	C:\Windows\WinSxS\amd64_microsoft.windows.common-controls_6595b64144ccf1df_6.0.22000.120_none_9d947278b86cc467\COMCTL32.dll
0x00007ff919a00000 - 0x00007ff919a2a000 	C:\Windows\System32\GDI32.dll
0x00007ff917700000 - 0x00007ff91781f000 	C:\Windows\System32\gdi32full.dll
0x00007ff917bd0000 - 0x00007ff917c6d000 	C:\Windows\System32\msvcp_win.dll
0x00007ff917d30000 - 0x00007ff917d61000 	C:\Windows\System32\IMM32.DLL
0x00007ff913920000 - 0x00007ff91392c000 	C:\Java\bin\vcruntime140_1.dll
0x00007ff90ce60000 - 0x00007ff90cef1000 	C:\Java\bin\msvcp140.dll
0x00007ff8ca800000 - 0x00007ff8cb444000 	C:\Java\bin\server\jvm.dll
0x00007ff912510000 - 0x00007ff91251a000 	C:\Windows\SYSTEM32\VERSION.dll
0x00007ff906e60000 - 0x00007ff906e69000 	C:\Windows\SYSTEM32\WSOCK32.dll
0x00007ff90d750000 - 0x00007ff90d783000 	C:\Windows\SYSTEM32\WINMM.dll
0x00007ff919990000 - 0x00007ff9199ff000 	C:\Windows\System32\WS2_32.dll
0x00007ff9164c0000 - 0x00007ff9164d8000 	C:\Windows\SYSTEM32\kernel.appcore.dll
0x00007ff912e70000 - 0x00007ff912e7a000 	C:\Java\bin\jimage.dll
0x00007ff90bdc0000 - 0x00007ff90bfe1000 	C:\Windows\SYSTEM32\DBGHELP.DLL
0x00007ff90b470000 - 0x00007ff90b4a1000 	C:\Windows\SYSTEM32\dbgcore.DLL
0x00007ff917b50000 - 0x00007ff917bcf000 	C:\Windows\System32\bcryptPrimitives.dll
0x00007ff90cf00000 - 0x00007ff90cf3b000 	C:\Java\bin\jdwp.dll
0x00007ff913950000 - 0x00007ff91395e000 	C:\Java\bin\instrument.dll
0x00007ff90cdc0000 - 0x00007ff90cde5000 	C:\Java\bin\java.dll
0x00007ff909850000 - 0x00007ff909868000 	C:\Java\bin\zip.dll
0x00007ff8ebb80000 - 0x00007ff8ebc56000 	C:\Java\bin\jsvml.dll
0x00007ff918ed0000 - 0x00007ff919695000 	C:\Windows\System32\SHELL32.dll
0x00007ff915430000 - 0x00007ff915c94000 	C:\Windows\SYSTEM32\windows.storage.dll
0x00007ff919a30000 - 0x00007ff919da6000 	C:\Windows\System32\combase.dll
0x00007ff9152c0000 - 0x00007ff915427000 	C:\Windows\SYSTEM32\wintypes.dll
0x00007ff918c20000 - 0x00007ff918d0a000 	C:\Windows\System32\SHCORE.dll
0x00007ff918ab0000 - 0x00007ff918b0d000 	C:\Windows\System32\shlwapi.dll
0x00007ff9172a0000 - 0x00007ff9172c5000 	C:\Windows\SYSTEM32\profapi.dll
0x00007ff909ba0000 - 0x00007ff909bac000 	C:\Java\bin\dt_socket.dll
0x00007ff915ef0000 - 0x00007ff915f1d000 	C:\Windows\SYSTEM32\IPHLPAPI.DLL
0x00007ff916970000 - 0x00007ff9169d7000 	C:\Windows\system32\mswsock.dll
0x00007ff90cda0000 - 0x00007ff90cdb9000 	C:\java\bin\net.dll
0x00007ff911ea0000 - 0x00007ff911fb3000 	C:\Windows\SYSTEM32\WINHTTP.dll
0x00007ff9098f0000 - 0x00007ff909905000 	C:\java\bin\nio.dll
0x00007ff909b20000 - 0x00007ff909b9a000 	C:\Users\oweng\AppData\Local\Temp\lwjgl_oweng\3.3.2+13\x64\lwjgl.dll
0x00007ff909a90000 - 0x00007ff909b12000 	C:\Users\oweng\AppData\Local\Temp\lwjgl_oweng\3.3.2+13\x64\glfw.dll
0x00007ff90bbc0000 - 0x00007ff90bc05000 	C:\Windows\SYSTEM32\dinput8.dll
0x00007ff8eb8d0000 - 0x00007ff8eb8e1000 	C:\Windows\SYSTEM32\xinput1_4.dll
0x00007ff917090000 - 0x00007ff9170dc000 	C:\Windows\SYSTEM32\cfgmgr32.dll
0x00007ff917050000 - 0x00007ff917083000 	C:\Windows\SYSTEM32\DEVOBJ.dll
0x00007ff914db0000 - 0x00007ff914ddf000 	C:\Windows\SYSTEM32\dwmapi.dll
0x00007ff90d180000 - 0x00007ff90d349000 	C:\Windows\SYSTEM32\inputhost.dll
0x00007ff914430000 - 0x00007ff914561000 	C:\Windows\SYSTEM32\CoreMessaging.dll
0x00007ff914a20000 - 0x00007ff914acc000 	C:\Windows\system32\uxtheme.dll
0x00007ff918180000 - 0x00007ff91829d000 	C:\Windows\System32\MSCTF.dll
0x00007ff916be0000 - 0x00007ff916bec000 	C:\Windows\SYSTEM32\CRYPTBASE.DLL
0x00007ff8d66e0000 - 0x00007ff8d67e1000 	C:\Windows\SYSTEM32\opengl32.dll
0x00007ff8f43f0000 - 0x00007ff8f441d000 	C:\Windows\SYSTEM32\GLU32.dll
0x00007ff914b30000 - 0x00007ff914b68000 	C:\Windows\SYSTEM32\dxcore.dll
0x00007ff9189f0000 - 0x00007ff918a9f000 	C:\Windows\System32\clbcatq.dll
0x00007ff8c4370000 - 0x00007ff8c6e90000 	C:\Windows\System32\DriverStore\FileRepository\nvmdi.inf_amd64_3c7cc22001913661\nvoglv64.dll
0x00007ff918510000 - 0x00007ff918982000 	C:\Windows\System32\SETUPAPI.dll
0x00007ff918d30000 - 0x00007ff918eca000 	C:\Windows\System32\ole32.dll
0x00007ff919db0000 - 0x00007ff919e86000 	C:\Windows\System32\OLEAUT32.dll
0x00007ff9138f0000 - 0x00007ff913904000 	C:\Windows\SYSTEM32\WTSAPI32.dll
0x00007ff916c20000 - 0x00007ff916c32000 	C:\Windows\SYSTEM32\msasn1.dll
0x00007ff9124d0000 - 0x00007ff912501000 	C:\Windows\SYSTEM32\cryptnet.dll
0x00007ff9179e0000 - 0x00007ff917b4a000 	C:\Windows\System32\CRYPT32.dll
0x00007ff90eed0000 - 0x00007ff90f021000 	C:\Windows\SYSTEM32\drvstore.dll
0x00007ff916c90000 - 0x00007ff916ccf000 	C:\Windows\SYSTEM32\wldp.dll
0x00007ff917970000 - 0x00007ff9179d7000 	C:\Windows\System32\WINTRUST.dll
0x00007ff9164e0000 - 0x00007ff916514000 	C:\Windows\SYSTEM32\ntmarta.dll
0x00007ff9162d0000 - 0x00007ff91631d000 	C:\Windows\SYSTEM32\powrprof.dll
0x00007ff9162b0000 - 0x00007ff9162c3000 	C:\Windows\SYSTEM32\UMPDC.dll
0x00007ff916050000 - 0x00007ff9160b4000 	C:\Windows\SYSTEM32\WINSTA.dll
0x00007ff8f9ea0000 - 0x00007ff8f9fcc000 	C:\Windows\SYSTEM32\textinputframework.dll
0x00007ff9116a0000 - 0x00007ff911a0d000 	C:\Windows\SYSTEM32\CoreUIComponents.dll
0x00007ff8d5980000 - 0x00007ff8d59de000 	C:\Users\oweng\AppData\Local\Temp\lwjgl_oweng\3.3.2+13\x64\lwjgl_opengl.dll
0x00007ff8eb8f0000 - 0x00007ff8eba7e000 	C:\java\bin\awt.dll
0x00007ff914880000 - 0x00007ff914912000 	C:\Windows\SYSTEM32\apphelp.dll
0x00007ff916bc0000 - 0x00007ff916bd8000 	C:\Windows\SYSTEM32\CRYPTSP.dll
0x00007ff916420000 - 0x00007ff916455000 	C:\Windows\system32\rsaenh.dll
0x00007ff916a70000 - 0x00007ff916a9c000 	C:\Windows\SYSTEM32\USERENV.dll
0x00007ff916d40000 - 0x00007ff916d67000 	C:\Windows\SYSTEM32\bcrypt.dll
0x00007ff918aa0000 - 0x00007ff918aa9000 	C:\Windows\System32\NSI.dll
0x00007ff912550000 - 0x00007ff912569000 	C:\Windows\SYSTEM32\dhcpcsvc6.DLL
0x00007ff912680000 - 0x00007ff91269e000 	C:\Windows\SYSTEM32\dhcpcsvc.DLL
0x00007ff915f20000 - 0x00007ff916007000 	C:\Windows\SYSTEM32\DNSAPI.dll
0x00007ff912d30000 - 0x00007ff912d40000 	C:\Java\bin\verify.dll

dbghelp: loaded successfully - version: 4.0.5 - missing functions: none
symbol engine: initialized successfully - sym options: 0x614 - pdb path: .;C:\Java\bin;C:\Windows\SYSTEM32;C:\Program Files\Norton Security\NortonData\22.21.9.25\Definitions\IPSDefs\20230804.061;C:\Windows\WinSxS\amd64_microsoft.windows.common-controls_6595b64144ccf1df_6.0.22000.120_none_9d947278b86cc467;C:\Java\bin\server;C:\Users\oweng\AppData\Local\Temp\lwjgl_oweng\3.3.2+13\x64;C:\Windows\System32\DriverStore\FileRepository\nvmdi.inf_amd64_3c7cc22001913661

VM Arguments:
jvm_args: -agentlib:jdwp=transport=dt_socket,address=127.0.0.1:53230,suspend=y,server=n -Dvisualvm.id=246371433389600 -javaagent:D:\JetBrainsToolbox\apps\IDEA-C\ch-0\231.8109.175\plugins\java\lib\rt\debugger-agent.jar -Dfile.encoding=UTF-8 
java_command: io.bluestaggo.voxelthing.Game
java_class_path (initial): D:\Programming\java\VoxelThing\client\out\production\classes;D:\Programming\java\VoxelThing\client\out\production\resources;C:\Users\oweng\.gradle\caches\modules-2\files-2.1\org.lwjgl\lwjgl-assimp\3.3.2\e5238c13abef6b0fd6e1b4320d3c8cd0c10bfe61\lwjgl-assimp-3.3.2.jar;C:\Users\oweng\.gradle\caches\modules-2\files-2.1\org.lwjgl\lwjgl-glfw\3.3.2\757920418805fb90bfebb3d46b1d9e7669fca2eb\lwjgl-glfw-3.3.2.jar;C:\Users\oweng\.gradle\caches\modules-2\files-2.1\org.lwjgl\lwjgl-openal\3.3.2\ae5357ed6d934546d3533993ea84c0cfb75eed95\lwjgl-openal-3.3.2.jar;C:\Users\oweng\.gradle\caches\modules-2\files-2.1\org.lwjgl\lwjgl-opengl\3.3.2\ee8e95be0b438602038bc1f02dc5e3d011b1b216\lwjgl-opengl-3.3.2.jar;C:\Users\oweng\.gradle\caches\modules-2\files-2.1\org.lwjgl\lwjgl-stb\3.3.2\a2550795014d622b686e9caac50b14baa87d2c70\lwjgl-stb-3.3.2.jar;C:\Users\oweng\.gradle\caches\modules-2\files-2.1\org.lwjgl\lwjgl\3.3.2\4421d94af68e35dcaa31737a6fc59136a1e61b94\lwjgl-3.3.2.jar;C:\Users\oweng\.gradle\caches\modules-2\files-2.1\org.joml\joml\1.10.5\22566d58af70ad3d72308bab63b8339906deb649\joml-1.10.5.jar;D:\Programming\java\VoxelThing\shared\out\production\classes;D:\Programming\java\VoxelThing\shared\out\production\resources;C:\Users\oweng\.gradle\caches\modules-2\files-2.1\org.lwjgl\lwjgl-assimp\3.3.2\54edbc8767bde24b73187c229dbd552228230c8a\lwjgl-assimp-3.3.2-natives-windows.jar;C:\Users\oweng\.gradle\caches\modules-2\files-2.1\org.lwjgl\lwjgl-glfw\3.3.2\1251e3cb7e5d6159334cfb9244f789ce992f03b\lwjgl-glfw-3.3.2-natives-windows.jar;C:\Users\oweng\.gradle\caches\modules-2\files-2.1\org.lwjgl\lwjgl-openal\3.3.2\e74f299a602192faaf14b917632e4cbbb493c940\lwjgl-openal-3.3.2-natives-windows.jar;C:\Users\oweng\.gradle\caches\modules-2\files-2.1\org.lwjgl\lwjgl-opengl\3.3.2\83cd34469d4e0bc335bf74c7f62206530a9480bf\lwjgl-opengl-3.3.2-natives-windows.jar;C:\Users\oweng\.gradle\caches\modules-2\files-2.1\org.lwjgl\lwjgl-stb\3.3.2\1c4f4b8353bdb78c5264ab921436f03fc9aa1ba5\lwjgl-stb-3.3
Launcher Type: SUN_STANDARD

[Global flags]
     intx CICompilerCount                          = 4                                         {product} {ergonomic}
     uint ConcGCThreads                            = 3                                         {product} {ergonomic}
     uint G1ConcRefinementThreads                  = 10                                        {product} {ergonomic}
   size_t G1HeapRegionSize                         = 2097152                                   {product} {ergonomic}
    uintx GCDrainStackTargetSize                   = 64                                        {product} {ergonomic}
   size_t InitialHeapSize                          = 266338304                                 {product} {ergonomic}
   size_t MarkStackSize                            = 4194304                                   {product} {ergonomic}
   size_t MaxHeapSize                              = 4261412864                                {product} {ergonomic}
   size_t MaxNewSize                               = 2556428288                                {product} {ergonomic}
   size_t MinHeapDeltaBytes                        = 2097152                                   {product} {ergonomic}
   size_t MinHeapSize                              = 8388608                                   {product} {ergonomic}
    uintx NonNMethodCodeHeapSize                   = 5839372                                {pd product} {ergonomic}
    uintx NonProfiledCodeHeapSize                  = 122909434                              {pd product} {ergonomic}
    uintx ProfiledCodeHeapSize                     = 122909434                              {pd product} {ergonomic}
    uintx ReservedCodeCacheSize                    = 251658240                              {pd product} {ergonomic}
     bool SegmentedCodeCache                       = true                                      {product} {ergonomic}
   size_t SoftMaxHeapSize                          = 4261412864                             {manageable} {ergonomic}
     bool UseCompressedClassPointers               = true                           {product lp64_product} {ergonomic}
     bool UseCompressedOops                        = true                           {product lp64_product} {ergonomic}
     bool UseG1GC                                  = true                                      {product} {ergonomic}
     bool UseLargePagesIndividualAllocation        = false                                  {pd product} {ergonomic}

Logging:
Log output configuration:
 #0: stdout all=warning uptime,level,tags
 #1: stderr all=off uptime,level,tags

Environment Variables:
JAVA_HOME=C:\java
PATH=C:\Windows\system32;C:\Windows;C:\Windows\System32\Wbem;C:\Windows\System32\WindowsPowerShell\v1.0\;C:\Windows\System32\OpenSSH\;C:\Program Files\dotnet\;C:\Program Files\Git\cmd;D:\v\.bin;D:\python\Scripts;D:\python;C:\Users\oweng\AppData\Local\Programs\Python\Launcher;C:\dotnet;C:\Users\oweng\scoop\apps\luarocks\current\rocks\bin;C:\Users\oweng\scoop\shims;C:\Users\oweng\AppData\Local\Microsoft\WindowsApps;C:\Users\oweng\AppData\Local\Programs\Microsoft VS Code\bin;C:\Users\oweng\.dotnet\tools;C:\java\bin;C:\gradle\bin;C:\msys64\mingw64\bin;C:\msys64\cmake\bin;C:\msys64\usr\bin;C:\msys64;C:\nodejs;C:\Users\oweng\AppData\Roaming\npm;C:\Users\oweng\.cargo\bin;D:\Programs\ffmpeg\bin;C:\vcpkg;C:\Users\oweng\AppData\Local\ProgramsOnPath;D:\Programs\Powershell;D:\Programs\7zip;C:\Users\oweng\AppData\Roaming\Code\User\globalStorage\llvm-vs-code-extensions.vscode-clangd\install\14.0.3\clangd_14.0.3\bin;C:\Users\oweng\.aftman\bin;C:\Users\oweng\AppData\Local\JetBrains\Toolbox\scripts;D:\Programs;
USERNAME=oweng
OS=Windows_NT
PROCESSOR_IDENTIFIER=Intel64 Family 6 Model 165 Stepping 5, GenuineIntel
TMP=C:\Users\oweng\AppData\Local\Temp
TEMP=C:\Users\oweng\AppData\Local\Temp



---------------  S Y S T E M  ---------------

OS:
 Windows 11 , 64 bit Build 22000 (10.0.22000.2124)
OS uptime: 2 days 20:25 hours

CPU: total 12 (initial active 12) (6 cores per cpu, 2 threads per core) family 6 model 165 stepping 5 microcode 0xe2, cx8, cmov, fxsr, ht, mmx, 3dnowpref, sse, sse2, sse3, ssse3, sse4.1, sse4.2, popcnt, lzcnt, tsc, tscinvbit, avx, avx2, aes, erms, clmul, bmi1, bmi2, adx, fma, vzeroupper, clflush, clflushopt

Memory: 4k page, system-wide physical 16255M (6110M free)
TotalPageFile size 19327M (AvailPageFile size 5032M)
current process WorkingSet (physical memory assigned to process): 247M, peak: 248M
current process commit charge ("private bytes"): 530M, peak: 530M

vm_info: OpenJDK 64-Bit Server VM (17.0.5+8) for windows-amd64 JRE (17.0.5+8), built on Oct 19 2022 04:48:13 by "temurin" with MS VC++ 16.7 (VS2019)

END.
