#
# A fatal error has been detected by the Java Runtime Environment:
#
#  EXCEPTION_ACCESS_VIOLATION (0xc0000005) at pc=0x00007ff8c4bc0f80, pid=7284, tid=596
#
# JRE version: OpenJDK Runtime Environment Temurin-17.0.5+8 (17.0.5+8) (build 17.0.5+8)
# Java VM: OpenJDK 64-Bit Server VM Temurin-17.0.5+8 (17.0.5+8, mixed mode, sharing, tiered, compressed oops, compressed class ptrs, g1 gc, windows-amd64)
# Problematic frame:
# C  [nvoglv64.dll+0x850f80]
#
# No core dump will be written. Minidumps are not enabled by default on client versions of Windows
#
# If you would like to submit a bug report, please visit:
#   https://github.com/adoptium/adoptium-support/issues
# The crash happened outside the Java Virtual Machine in native code.
# See problematic frame for where to report the bug.
#

---------------  S U M M A R Y ------------

Command Line: -agentlib:jdwp=transport=dt_socket,address=127.0.0.1:53233,suspend=y,server=n -Dvisualvm.id=246390841973900 -javaagent:D:\JetBrainsToolbox\apps\IDEA-C\ch-0\231.8109.175\plugins\java\lib\rt\debugger-agent.jar -Dfile.encoding=UTF-8 io.bluestaggo.voxelthing.Game

Host: Intel(R) Core(TM) i5-10400F CPU @ 2.90GHz, 12 cores, 15G,  Windows 11 , 64 bit Build 22000 (10.0.22000.2124)
Time: Sat Aug  5 10:12:22 2023 GMT Summer Time elapsed time: 1.103134 seconds (0d 0h 0m 1s)

---------------  T H R E A D  ---------------

Current thread (0x00000139203ac040):  JavaThread "main" [_thread_in_native, id=596, stack(0x00000013b2a00000,0x00000013b2b00000)]

Stack: [0x00000013b2a00000,0x00000013b2b00000],  sp=0x00000013b2afed70,  free space=1019k
Native frames: (J=compiled Java code, j=interpreted, Vv=VM code, C=native code)
C  [nvoglv64.dll+0x850f80]

Java frames: (J=compiled Java code, j=interpreted, Vv=VM code)
j  org.lwjgl.opengl.GL11C.nglDrawElements(IIIJ)V+0
j  org.lwjgl.opengl.GL11C.glDrawElements(IIIJ)V+4
j  io.bluestaggo.voxelthing.renderer.Bindings.draw()V+16
j  io.bluestaggo.voxelthing.renderer.world.ChunkRenderer.draw()V+11
j  io.bluestaggo.voxelthing.renderer.world.WorldRenderer.draw()V+200
j  io.bluestaggo.voxelthing.renderer.MainRenderer.draw()V+255
j  io.bluestaggo.voxelthing.Game.draw()V+4
j  io.bluestaggo.voxelthing.Game.run()V+15
j  io.bluestaggo.voxelthing.Game.main([Ljava/lang/String;)V+15
v  ~StubRoutines::call_stub

siginfo: EXCEPTION_ACCESS_VIOLATION (0xc0000005), reading address 0x0000000000000000


Register to memory mapping:

RIP=0x00007ff8c4bc0f80 nvoglv64.dll
RAX=0x0 is NULL
RBX=0x0 is NULL
RCX=0x00000000fffffc31 is an unknown value
RDX=0x000001394b693730 points into unknown readable memory: 0x0000774d0000420b | 0b 42 00 00 4d 77 00 00
RSP=0x00000013b2afed70 is pointing into the stack for thread: 0x00000139203ac040
RBP=0x0000000000007a2c is an unknown value
RSI=0x0000000000001e80 is an unknown value
RDI=0x00000139456f7080 points into unknown readable memory: 0x0000000000000000 | 00 00 00 00 00 00 00 00
R8 =0x0000000000000008 is an unknown value
R9 =0x000001394b693710 points into unknown readable memory: 0x0000000403d16006 | 06 60 d1 03 04 00 00 00
R10=0x000001394b693728 points into unknown readable memory: 0x00000139485f6690 | 90 66 5f 48 39 01 00 00
R11=0x00000000000003cf is an unknown value
R12=0x000001394b693730 points into unknown readable memory: 0x0000774d0000420b | 0b 42 00 00 4d 77 00 00
R13=0x0000000000001405 is an unknown value
R14=0x0000000000007a00 is an unknown value
R15=0x0 is NULL


Registers:
RAX=0x0000000000000000, RBX=0x0000000000000000, RCX=0x00000000fffffc31, RDX=0x000001394b693730
RSP=0x00000013b2afed70, RBP=0x0000000000007a2c, RSI=0x0000000000001e80, RDI=0x00000139456f7080
R8 =0x0000000000000008, R9 =0x000001394b693710, R10=0x000001394b693728, R11=0x00000000000003cf
R12=0x000001394b693730, R13=0x0000000000001405, R14=0x0000000000007a00, R15=0x0000000000000000
RIP=0x00007ff8c4bc0f80, EFLAGS=0x0000000000010293

Top of Stack: (sp=0x00000013b2afed70)
0x00000013b2afed70:   00000139203ac040 0000000900000001
0x00000013b2afed80:   0000000000000000 00007ff9173edc73
0x00000013b2afed90:   0000000000000048 0000013900000001
0x00000013b2afeda0:   0000000000000000 0000000000000000
0x00000013b2afedb0:   0000000000000000 0000000000000000
0x00000013b2afedc0:   0000000000000000 0000000000000000
0x00000013b2afedd0:   00000139203ac040 00000139441a84a8
0x00000013b2afede0:   0000000000000000 0000013927e79efa
0x00000013b2afedf0:   0000013943c07ed0 0000013927e81366
0x00000013b2afee00:   00000013b2afee90 00000139203ac001
0x00000013b2afee10:   00000013b2afeed0 00000139441a84a8
0x00000013b2afee20:   0000013900001405 0000000000000000
0x00000013b2afee30:   0000023dad151617 0000000000000000
0x00000013b2afee40:   00000139203ac040 00000013b2afee48
0x00000013b2afee50:   0000000000000000 00000013b2afeed0
0x00000013b2afee60:   00000139441b3a10 0000000000000000 

Instructions: (pc=0x00007ff8c4bc0f80)
0x00007ff8c4bc0e80:   90 00 00 00 4c 8b b4 24 a0 00 00 00 48 8b 9c 24
0x00007ff8c4bc0e90:   a8 00 00 00 48 83 c4 60 41 5f 41 5d 41 5c 5f 5e
0x00007ff8c4bc0ea0:   c3 4c 8b 4f 40 8b c3 48 8b 4f 50 49 2b c9 48 c1
0x00007ff8c4bc0eb0:   f9 02 85 c9 0f 49 c1 c1 e0 02 3b e8 72 0e 8b d5
0x00007ff8c4bc0ec0:   48 8b cf e8 18 85 21 00 4c 8b 4f 40 8b c5 45 89
0x00007ff8c4bc0ed0:   61 04 c1 e0 0b 83 c8 06 41 89 71 08 41 89 01 45
0x00007ff8c4bc0ee0:   89 69 0c 4d 89 79 10 38 9c 24 98 00 00 00 0f 84
0x00007ff8c4bc0ef0:   15 01 00 00 4c 8b 57 40 41 8d 4f 0f 83 e1 f0 49
0x00007ff8c4bc0f00:   83 c2 18 41 2b cf 0f 57 db d1 f9 49 8b c7 44 8b
0x00007ff8c4bc0f10:   c6 66 0f 7f 5c 24 50 49 8d 52 04 03 ca 49 8d 52
0x00007ff8c4bc0f20:   04 f7 d9 83 e1 0f 48 03 d1 4c 8b e2 41 f6 c7 0f
0x00007ff8c4bc0f30:   74 1b 45 85 c0 74 16 8b 08 41 ff c8 66 89 0a 0b
0x00007ff8c4bc0f40:   d9 48 83 c2 02 48 83 c0 04 a8 0f 75 e5 41 83 f8
0x00007ff8c4bc0f50:   08 7e 71 66 0f 6f 25 35 21 6e 01 41 8d 48 f7 66
0x00007ff8c4bc0f60:   0f 6f 2d 39 21 6e 01 c1 e9 03 ff c1 44 8b d9 f7
0x00007ff8c4bc0f70:   d9 45 8d 04 c8 66 66 66 0f 1f 84 00 00 00 00 00
0x00007ff8c4bc0f80:   f3 0f 6f 10 f3 0f 6f 48 10 66 0f 6f c2 66 0f eb
0x00007ff8c4bc0f90:   c3 48 83 c0 20 66 0f 6f d8 66 0f eb d9 0f 18 00
0x00007ff8c4bc0fa0:   66 0f fe d4 66 0f fe cc 66 0f 6b d1 66 0f fd d5
0x00007ff8c4bc0fb0:   f3 0f 7f 12 48 83 c2 10 49 83 eb 01 75 c2 66 0f
0x00007ff8c4bc0fc0:   7f 5c 24 50 8b 4c 24 5c 0b 4c 24 58 0b 4c 24 54
0x00007ff8c4bc0fd0:   0b 4c 24 50 0b d9 45 85 c0 74 1a 0f 1f 44 00 00
0x00007ff8c4bc0fe0:   8b 08 0b d9 66 89 0a 48 8d 52 02 48 8d 40 04 41
0x00007ff8c4bc0ff0:   83 e8 01 75 eb 45 2b e2 45 89 22 f7 c3 00 00 ff
0x00007ff8c4bc1000:   ff 74 46 ff 87 6c f0 55 00 48 8b 5f 40 49 8b d7
0x00007ff8c4bc1010:   4d 63 c6 48 8d 4b 1c e8 34 3f 9d 00 c7 43 18 04
0x00007ff8c4bc1020:   00 00 00 48 63 c5 48 83 e0 fc 48 01 47 40 48 8b
0x00007ff8c4bc1030:   47 40 48 3b 47 48 0f 82 40 fe ff ff 48 8b cf e8
0x00007ff8c4bc1040:   dc 7f 21 00 e9 33 fe ff ff 41 c7 41 0c 03 14 00
0x00007ff8c4bc1050:   00 41 8b 2a 48 8b 47 40 83 c5 03 8d 6c 75 00 83
0x00007ff8c4bc1060:   e5 fc 83 c5 18 8b cd c1 e1 0b 83 c9 06 89 08 8b
0x00007ff8c4bc1070:   87 6c f0 55 00 85 c0 74 aa ff c8 89 87 6c f0 55 


Stack slot to memory mapping:
stack at sp + 0 slots: 0x00000139203ac040 is a thread
stack at sp + 1 slots: 0x0000000900000001 is an unknown value
stack at sp + 2 slots: 0x0 is NULL
stack at sp + 3 slots: 0x00007ff9173edc73 KERNELBASE.dll
stack at sp + 4 slots: 0x0000000000000048 is an unknown value
stack at sp + 5 slots: 0x0000013900000001 is an unknown value
stack at sp + 6 slots: 0x0 is NULL
stack at sp + 7 slots: 0x0 is NULL


---------------  P R O C E S S  ---------------

Threads class SMR info:
_java_thread_list=0x000001394c0cf5d0, length=18, elements={
0x00000139203ac040, 0x0000013943751f70, 0x0000013943754930, 0x00000139437682c0,
0x0000013943768b80, 0x000001394376d450, 0x000001394376de00, 0x000001394377a630,
0x00000139437a42b0, 0x00000139437ad380, 0x00000139432fc240, 0x000001394392bea0,
0x00000139439b1a70, 0x00000139439b8560, 0x000001394397c3d0, 0x0000013948523e80,
0x000001394d5de8e0, 0x000001394d5dca80
}

Java Threads: ( => current thread )
=>0x00000139203ac040 JavaThread "main" [_thread_in_native, id=596, stack(0x00000013b2a00000,0x00000013b2b00000)]
  0x0000013943751f70 JavaThread "Reference Handler" daemon [_thread_blocked, id=5672, stack(0x00000013b3100000,0x00000013b3200000)]
  0x0000013943754930 JavaThread "Finalizer" daemon [_thread_blocked, id=2656, stack(0x00000013b3200000,0x00000013b3300000)]
  0x00000139437682c0 JavaThread "Signal Dispatcher" daemon [_thread_blocked, id=6408, stack(0x00000013b3300000,0x00000013b3400000)]
  0x0000013943768b80 JavaThread "Attach Listener" daemon [_thread_blocked, id=5916, stack(0x00000013b3400000,0x00000013b3500000)]
  0x000001394376d450 JavaThread "Service Thread" daemon [_thread_blocked, id=5460, stack(0x00000013b3500000,0x00000013b3600000)]
  0x000001394376de00 JavaThread "Monitor Deflation Thread" daemon [_thread_blocked, id=6744, stack(0x00000013b3600000,0x00000013b3700000)]
  0x000001394377a630 JavaThread "C2 CompilerThread0" daemon [_thread_blocked, id=10412, stack(0x00000013b3700000,0x00000013b3800000)]
  0x00000139437a42b0 JavaThread "C1 CompilerThread0" daemon [_thread_blocked, id=4456, stack(0x00000013b3800000,0x00000013b3900000)]
  0x00000139437ad380 JavaThread "Sweeper thread" daemon [_thread_blocked, id=10440, stack(0x00000013b3900000,0x00000013b3a00000)]
  0x00000139432fc240 JavaThread "Common-Cleaner" daemon [_thread_blocked, id=2984, stack(0x00000013b3a00000,0x00000013b3b00000)]
  0x000001394392bea0 JavaThread "JDWP Transport Listener: dt_socket" daemon [_thread_blocked, id=14980, stack(0x00000013b3b00000,0x00000013b3c00000)]
  0x00000139439b1a70 JavaThread "JDWP Event Helper Thread" daemon [_thread_blocked, id=16380, stack(0x00000013b3c00000,0x00000013b3d00000)]
  0x00000139439b8560 JavaThread "JDWP Command Reader" daemon [_thread_in_native, id=17044, stack(0x00000013b3d00000,0x00000013b3e00000)]
  0x000001394397c3d0 JavaThread "Notification Thread" daemon [_thread_blocked, id=2516, stack(0x00000013b3e00000,0x00000013b3f00000)]
  0x0000013948523e80 JavaThread "Java2D Disposer" daemon [_thread_blocked, id=14216, stack(0x00000013b4700000,0x00000013b4800000)]
  0x000001394d5de8e0 JavaThread "C2 CompilerThread1" daemon [_thread_blocked, id=13164, stack(0x00000013b4600000,0x00000013b4700000)]
  0x000001394d5dca80 JavaThread "C2 CompilerThread2" daemon [_thread_blocked, id=6240, stack(0x00000013b5100000,0x00000013b5200000)]

Other Threads:
  0x000001394374f5d0 VMThread "VM Thread" [stack: 0x00000013b3000000,0x00000013b3100000] [id=1172]
  0x0000013920437970 WatcherThread [stack: 0x00000013b3f00000,0x00000013b4000000] [id=8668]
  0x000001392041afe0 GCTaskThread "GC Thread#0" [stack: 0x00000013b2b00000,0x00000013b2c00000] [id=4572]
  0x000001394865cc70 GCTaskThread "GC Thread#1" [stack: 0x00000013b4800000,0x00000013b4900000] [id=8084]
  0x00000139485a3630 GCTaskThread "GC Thread#2" [stack: 0x00000013b4900000,0x00000013b4a00000] [id=13172]
  0x00000139485a38e0 GCTaskThread "GC Thread#3" [stack: 0x00000013b4a00000,0x00000013b4b00000] [id=2592]
  0x00000139488c9990 GCTaskThread "GC Thread#4" [stack: 0x00000013b4b00000,0x00000013b4c00000] [id=12656]
  0x00000139488b9060 GCTaskThread "GC Thread#5" [stack: 0x00000013b4c00000,0x00000013b4d00000] [id=13892]
  0x00000139488b9d50 GCTaskThread "GC Thread#6" [stack: 0x00000013b4d00000,0x00000013b4e00000] [id=1804]
  0x0000013948607780 GCTaskThread "GC Thread#7" [stack: 0x00000013b4e00000,0x00000013b4f00000] [id=4388]
  0x000001394859ba00 GCTaskThread "GC Thread#8" [stack: 0x00000013b4f00000,0x00000013b5000000] [id=3040]
  0x000001394871e820 GCTaskThread "GC Thread#9" [stack: 0x00000013b5000000,0x00000013b5100000] [id=15904]
  0x000001392042cd30 ConcurrentGCThread "G1 Main Marker" [stack: 0x00000013b2c00000,0x00000013b2d00000] [id=8368]
  0x000001392042e8a0 ConcurrentGCThread "G1 Conc#0" [stack: 0x00000013b2d00000,0x00000013b2e00000] [id=8236]
  0x00000139431c6a80 ConcurrentGCThread "G1 Refine#0" [stack: 0x00000013b2e00000,0x00000013b2f00000] [id=8904]
  0x00000139431c7150 ConcurrentGCThread "G1 Service" [stack: 0x00000013b2f00000,0x00000013b3000000] [id=7320]

Threads with active compile tasks:

VM state: not at safepoint (normal execution)

VM Mutex/Monitor currently owned by a thread: None

Heap address: 0x0000000702000000, size: 4064 MB, Compressed Oops mode: Zero based, Oop shift amount: 3

CDS archive(s) mapped at: [0x0000000800000000-0x0000000800bc0000-0x0000000800bc0000), size 12320768, SharedBaseAddress: 0x0000000800000000, ArchiveRelocationMode: 0.
Compressed class space mapped at: 0x0000000800c00000-0x0000000840c00000, reserved size: 1073741824
Narrow klass base: 0x0000000800000000, Narrow klass shift: 0, Narrow klass range: 0x100000000

GC Precious Log:
 CPUs: 12 total, 12 available
 Memory: 16255M
 Large Page Support: Disabled
 NUMA Support: Disabled
 Compressed Oops: Enabled (Zero based)
 Heap Region Size: 2M
 Heap Min Capacity: 8M
 Heap Initial Capacity: 254M
 Heap Max Capacity: 4064M
 Pre-touch: Disabled
 Parallel Workers: 10
 Concurrent Workers: 3
 Concurrent Refinement Workers: 10
 Periodic GC: Disabled

Heap:
 garbage-first heap   total 260096K, used 25909K [0x0000000702000000, 0x0000000800000000)
  region size 2048K, 12 young (24576K), 2 survivors (4096K)
 Metaspace       used 8291K, committed 8512K, reserved 1056768K
  class space    used 594K, committed 704K, reserved 1048576K

Heap Regions: E=young(eden), S=young(survivor), O=old, HS=humongous(starts), HC=humongous(continues), CS=collection set, F=free, OA=open archive, CA=closed archive, TAMS=top-at-mark-start (previous, next)
|   0|0x0000000702000000, 0x0000000702200000, 0x0000000702200000|100%|HS|  |TAMS 0x0000000702000000, 0x0000000702000000| Complete 
|   1|0x0000000702200000, 0x0000000702400000, 0x0000000702400000|100%|HS|  |TAMS 0x0000000702200000, 0x0000000702200000| Complete 
|   2|0x0000000702400000, 0x0000000702400000, 0x0000000702600000|  0%| F|  |TAMS 0x0000000702400000, 0x0000000702400000| Untracked 
|   3|0x0000000702600000, 0x0000000702600000, 0x0000000702800000|  0%| F|  |TAMS 0x0000000702600000, 0x0000000702600000| Untracked 
|   4|0x0000000702800000, 0x0000000702800000, 0x0000000702a00000|  0%| F|  |TAMS 0x0000000702800000, 0x0000000702800000| Untracked 
|   5|0x0000000702a00000, 0x0000000702a00000, 0x0000000702c00000|  0%| F|  |TAMS 0x0000000702a00000, 0x0000000702a00000| Untracked 
|   6|0x0000000702c00000, 0x0000000702c00000, 0x0000000702e00000|  0%| F|  |TAMS 0x0000000702c00000, 0x0000000702c00000| Untracked 
|   7|0x0000000702e00000, 0x0000000702e00000, 0x0000000703000000|  0%| F|  |TAMS 0x0000000702e00000, 0x0000000702e00000| Untracked 
|   8|0x0000000703000000, 0x0000000703000000, 0x0000000703200000|  0%| F|  |TAMS 0x0000000703000000, 0x0000000703000000| Untracked 
|   9|0x0000000703200000, 0x0000000703200000, 0x0000000703400000|  0%| F|  |TAMS 0x0000000703200000, 0x0000000703200000| Untracked 
|  10|0x0000000703400000, 0x0000000703400000, 0x0000000703600000|  0%| F|  |TAMS 0x0000000703400000, 0x0000000703400000| Untracked 
|  11|0x0000000703600000, 0x0000000703600000, 0x0000000703800000|  0%| F|  |TAMS 0x0000000703600000, 0x0000000703600000| Untracked 
|  12|0x0000000703800000, 0x0000000703800000, 0x0000000703a00000|  0%| F|  |TAMS 0x0000000703800000, 0x0000000703800000| Untracked 
|  13|0x0000000703a00000, 0x0000000703a00000, 0x0000000703c00000|  0%| F|  |TAMS 0x0000000703a00000, 0x0000000703a00000| Untracked 
|  14|0x0000000703c00000, 0x0000000703c00000, 0x0000000703e00000|  0%| F|  |TAMS 0x0000000703c00000, 0x0000000703c00000| Untracked 
|  15|0x0000000703e00000, 0x0000000703e00000, 0x0000000704000000|  0%| F|  |TAMS 0x0000000703e00000, 0x0000000703e00000| Untracked 
|  16|0x0000000704000000, 0x0000000704000000, 0x0000000704200000|  0%| F|  |TAMS 0x0000000704000000, 0x0000000704000000| Untracked 
|  17|0x0000000704200000, 0x0000000704200000, 0x0000000704400000|  0%| F|  |TAMS 0x0000000704200000, 0x0000000704200000| Untracked 
|  18|0x0000000704400000, 0x0000000704400000, 0x0000000704600000|  0%| F|  |TAMS 0x0000000704400000, 0x0000000704400000| Untracked 
|  19|0x0000000704600000, 0x0000000704600000, 0x0000000704800000|  0%| F|  |TAMS 0x0000000704600000, 0x0000000704600000| Untracked 
|  20|0x0000000704800000, 0x0000000704800000, 0x0000000704a00000|  0%| F|  |TAMS 0x0000000704800000, 0x0000000704800000| Untracked 
|  21|0x0000000704a00000, 0x0000000704a00000, 0x0000000704c00000|  0%| F|  |TAMS 0x0000000704a00000, 0x0000000704a00000| Untracked 
|  22|0x0000000704c00000, 0x0000000704c00000, 0x0000000704e00000|  0%| F|  |TAMS 0x0000000704c00000, 0x0000000704c00000| Untracked 
|  23|0x0000000704e00000, 0x0000000704e00000, 0x0000000705000000|  0%| F|  |TAMS 0x0000000704e00000, 0x0000000704e00000| Untracked 
|  24|0x0000000705000000, 0x0000000705000000, 0x0000000705200000|  0%| F|  |TAMS 0x0000000705000000, 0x0000000705000000| Untracked 
|  25|0x0000000705200000, 0x0000000705200000, 0x0000000705400000|  0%| F|  |TAMS 0x0000000705200000, 0x0000000705200000| Untracked 
|  26|0x0000000705400000, 0x0000000705400000, 0x0000000705600000|  0%| F|  |TAMS 0x0000000705400000, 0x0000000705400000| Untracked 
|  27|0x0000000705600000, 0x0000000705600000, 0x0000000705800000|  0%| F|  |TAMS 0x0000000705600000, 0x0000000705600000| Untracked 
|  28|0x0000000705800000, 0x0000000705800000, 0x0000000705a00000|  0%| F|  |TAMS 0x0000000705800000, 0x0000000705800000| Untracked 
|  29|0x0000000705a00000, 0x0000000705a00000, 0x0000000705c00000|  0%| F|  |TAMS 0x0000000705a00000, 0x0000000705a00000| Untracked 
|  30|0x0000000705c00000, 0x0000000705c00000, 0x0000000705e00000|  0%| F|  |TAMS 0x0000000705c00000, 0x0000000705c00000| Untracked 
|  31|0x0000000705e00000, 0x0000000705e00000, 0x0000000706000000|  0%| F|  |TAMS 0x0000000705e00000, 0x0000000705e00000| Untracked 
|  32|0x0000000706000000, 0x0000000706000000, 0x0000000706200000|  0%| F|  |TAMS 0x0000000706000000, 0x0000000706000000| Untracked 
|  33|0x0000000706200000, 0x0000000706200000, 0x0000000706400000|  0%| F|  |TAMS 0x0000000706200000, 0x0000000706200000| Untracked 
|  34|0x0000000706400000, 0x0000000706400000, 0x0000000706600000|  0%| F|  |TAMS 0x0000000706400000, 0x0000000706400000| Untracked 
|  35|0x0000000706600000, 0x0000000706600000, 0x0000000706800000|  0%| F|  |TAMS 0x0000000706600000, 0x0000000706600000| Untracked 
|  36|0x0000000706800000, 0x0000000706800000, 0x0000000706a00000|  0%| F|  |TAMS 0x0000000706800000, 0x0000000706800000| Untracked 
|  37|0x0000000706a00000, 0x0000000706a00000, 0x0000000706c00000|  0%| F|  |TAMS 0x0000000706a00000, 0x0000000706a00000| Untracked 
|  38|0x0000000706c00000, 0x0000000706c00000, 0x0000000706e00000|  0%| F|  |TAMS 0x0000000706c00000, 0x0000000706c00000| Untracked 
|  39|0x0000000706e00000, 0x0000000706e00000, 0x0000000707000000|  0%| F|  |TAMS 0x0000000706e00000, 0x0000000706e00000| Untracked 
|  40|0x0000000707000000, 0x0000000707000000, 0x0000000707200000|  0%| F|  |TAMS 0x0000000707000000, 0x0000000707000000| Untracked 
|  41|0x0000000707200000, 0x0000000707200000, 0x0000000707400000|  0%| F|  |TAMS 0x0000000707200000, 0x0000000707200000| Untracked 
|  42|0x0000000707400000, 0x0000000707400000, 0x0000000707600000|  0%| F|  |TAMS 0x0000000707400000, 0x0000000707400000| Untracked 
|  43|0x0000000707600000, 0x0000000707600000, 0x0000000707800000|  0%| F|  |TAMS 0x0000000707600000, 0x0000000707600000| Untracked 
|  44|0x0000000707800000, 0x0000000707800000, 0x0000000707a00000|  0%| F|  |TAMS 0x0000000707800000, 0x0000000707800000| Untracked 
|  45|0x0000000707a00000, 0x0000000707a00000, 0x0000000707c00000|  0%| F|  |TAMS 0x0000000707a00000, 0x0000000707a00000| Untracked 
|  46|0x0000000707c00000, 0x0000000707c00000, 0x0000000707e00000|  0%| F|  |TAMS 0x0000000707c00000, 0x0000000707c00000| Untracked 
|  47|0x0000000707e00000, 0x0000000707e00000, 0x0000000708000000|  0%| F|  |TAMS 0x0000000707e00000, 0x0000000707e00000| Untracked 
|  48|0x0000000708000000, 0x0000000708000000, 0x0000000708200000|  0%| F|  |TAMS 0x0000000708000000, 0x0000000708000000| Untracked 
|  49|0x0000000708200000, 0x0000000708200000, 0x0000000708400000|  0%| F|  |TAMS 0x0000000708200000, 0x0000000708200000| Untracked 
|  50|0x0000000708400000, 0x0000000708400000, 0x0000000708600000|  0%| F|  |TAMS 0x0000000708400000, 0x0000000708400000| Untracked 
|  51|0x0000000708600000, 0x0000000708600000, 0x0000000708800000|  0%| F|  |TAMS 0x0000000708600000, 0x0000000708600000| Untracked 
|  52|0x0000000708800000, 0x0000000708800000, 0x0000000708a00000|  0%| F|  |TAMS 0x0000000708800000, 0x0000000708800000| Untracked 
|  53|0x0000000708a00000, 0x0000000708a00000, 0x0000000708c00000|  0%| F|  |TAMS 0x0000000708a00000, 0x0000000708a00000| Untracked 
|  54|0x0000000708c00000, 0x0000000708c00000, 0x0000000708e00000|  0%| F|  |TAMS 0x0000000708c00000, 0x0000000708c00000| Untracked 
|  55|0x0000000708e00000, 0x0000000708e00000, 0x0000000709000000|  0%| F|  |TAMS 0x0000000708e00000, 0x0000000708e00000| Untracked 
|  56|0x0000000709000000, 0x0000000709000000, 0x0000000709200000|  0%| F|  |TAMS 0x0000000709000000, 0x0000000709000000| Untracked 
|  57|0x0000000709200000, 0x0000000709200000, 0x0000000709400000|  0%| F|  |TAMS 0x0000000709200000, 0x0000000709200000| Untracked 
|  58|0x0000000709400000, 0x0000000709400000, 0x0000000709600000|  0%| F|  |TAMS 0x0000000709400000, 0x0000000709400000| Untracked 
|  59|0x0000000709600000, 0x0000000709600000, 0x0000000709800000|  0%| F|  |TAMS 0x0000000709600000, 0x0000000709600000| Untracked 
|  60|0x0000000709800000, 0x0000000709800000, 0x0000000709a00000|  0%| F|  |TAMS 0x0000000709800000, 0x0000000709800000| Untracked 
|  61|0x0000000709a00000, 0x0000000709a00000, 0x0000000709c00000|  0%| F|  |TAMS 0x0000000709a00000, 0x0000000709a00000| Untracked 
|  62|0x0000000709c00000, 0x0000000709c00000, 0x0000000709e00000|  0%| F|  |TAMS 0x0000000709c00000, 0x0000000709c00000| Untracked 
|  63|0x0000000709e00000, 0x0000000709e00000, 0x000000070a000000|  0%| F|  |TAMS 0x0000000709e00000, 0x0000000709e00000| Untracked 
|  64|0x000000070a000000, 0x000000070a000000, 0x000000070a200000|  0%| F|  |TAMS 0x000000070a000000, 0x000000070a000000| Untracked 
|  65|0x000000070a200000, 0x000000070a200000, 0x000000070a400000|  0%| F|  |TAMS 0x000000070a200000, 0x000000070a200000| Untracked 
|  66|0x000000070a400000, 0x000000070a400000, 0x000000070a600000|  0%| F|  |TAMS 0x000000070a400000, 0x000000070a400000| Untracked 
|  67|0x000000070a600000, 0x000000070a600000, 0x000000070a800000|  0%| F|  |TAMS 0x000000070a600000, 0x000000070a600000| Untracked 
|  68|0x000000070a800000, 0x000000070a800000, 0x000000070aa00000|  0%| F|  |TAMS 0x000000070a800000, 0x000000070a800000| Untracked 
|  69|0x000000070aa00000, 0x000000070aa00000, 0x000000070ac00000|  0%| F|  |TAMS 0x000000070aa00000, 0x000000070aa00000| Untracked 
|  70|0x000000070ac00000, 0x000000070ac00000, 0x000000070ae00000|  0%| F|  |TAMS 0x000000070ac00000, 0x000000070ac00000| Untracked 
|  71|0x000000070ae00000, 0x000000070ae00000, 0x000000070b000000|  0%| F|  |TAMS 0x000000070ae00000, 0x000000070ae00000| Untracked 
|  72|0x000000070b000000, 0x000000070b000000, 0x000000070b200000|  0%| F|  |TAMS 0x000000070b000000, 0x000000070b000000| Untracked 
|  73|0x000000070b200000, 0x000000070b200000, 0x000000070b400000|  0%| F|  |TAMS 0x000000070b200000, 0x000000070b200000| Untracked 
|  74|0x000000070b400000, 0x000000070b400000, 0x000000070b600000|  0%| F|  |TAMS 0x000000070b400000, 0x000000070b400000| Untracked 
|  75|0x000000070b600000, 0x000000070b600000, 0x000000070b800000|  0%| F|  |TAMS 0x000000070b600000, 0x000000070b600000| Untracked 
|  76|0x000000070b800000, 0x000000070b800000, 0x000000070ba00000|  0%| F|  |TAMS 0x000000070b800000, 0x000000070b800000| Untracked 
|  77|0x000000070ba00000, 0x000000070ba00000, 0x000000070bc00000|  0%| F|  |TAMS 0x000000070ba00000, 0x000000070ba00000| Untracked 
|  78|0x000000070bc00000, 0x000000070bc00000, 0x000000070be00000|  0%| F|  |TAMS 0x000000070bc00000, 0x000000070bc00000| Untracked 
|  79|0x000000070be00000, 0x000000070be00000, 0x000000070c000000|  0%| F|  |TAMS 0x000000070be00000, 0x000000070be00000| Untracked 
|  80|0x000000070c000000, 0x000000070c000000, 0x000000070c200000|  0%| F|  |TAMS 0x000000070c000000, 0x000000070c000000| Untracked 
|  81|0x000000070c200000, 0x000000070c200000, 0x000000070c400000|  0%| F|  |TAMS 0x000000070c200000, 0x000000070c200000| Untracked 
|  82|0x000000070c400000, 0x000000070c400000, 0x000000070c600000|  0%| F|  |TAMS 0x000000070c400000, 0x000000070c400000| Untracked 
|  83|0x000000070c600000, 0x000000070c600000, 0x000000070c800000|  0%| F|  |TAMS 0x000000070c600000, 0x000000070c600000| Untracked 
|  84|0x000000070c800000, 0x000000070c800000, 0x000000070ca00000|  0%| F|  |TAMS 0x000000070c800000, 0x000000070c800000| Untracked 
|  85|0x000000070ca00000, 0x000000070ca00000, 0x000000070cc00000|  0%| F|  |TAMS 0x000000070ca00000, 0x000000070ca00000| Untracked 
|  86|0x000000070cc00000, 0x000000070cc00000, 0x000000070ce00000|  0%| F|  |TAMS 0x000000070cc00000, 0x000000070cc00000| Untracked 
|  87|0x000000070ce00000, 0x000000070ce00000, 0x000000070d000000|  0%| F|  |TAMS 0x000000070ce00000, 0x000000070ce00000| Untracked 
|  88|0x000000070d000000, 0x000000070d000000, 0x000000070d200000|  0%| F|  |TAMS 0x000000070d000000, 0x000000070d000000| Untracked 
|  89|0x000000070d200000, 0x000000070d200000, 0x000000070d400000|  0%| F|  |TAMS 0x000000070d200000, 0x000000070d200000| Untracked 
|  90|0x000000070d400000, 0x000000070d400000, 0x000000070d600000|  0%| F|  |TAMS 0x000000070d400000, 0x000000070d400000| Untracked 
|  91|0x000000070d600000, 0x000000070d600000, 0x000000070d800000|  0%| F|  |TAMS 0x000000070d600000, 0x000000070d600000| Untracked 
|  92|0x000000070d800000, 0x000000070d800000, 0x000000070da00000|  0%| F|  |TAMS 0x000000070d800000, 0x000000070d800000| Untracked 
|  93|0x000000070da00000, 0x000000070da00000, 0x000000070dc00000|  0%| F|  |TAMS 0x000000070da00000, 0x000000070da00000| Untracked 
|  94|0x000000070dc00000, 0x000000070dc00000, 0x000000070de00000|  0%| F|  |TAMS 0x000000070dc00000, 0x000000070dc00000| Untracked 
|  95|0x000000070de00000, 0x000000070de00000, 0x000000070e000000|  0%| F|  |TAMS 0x000000070de00000, 0x000000070de00000| Untracked 
|  96|0x000000070e000000, 0x000000070e000000, 0x000000070e200000|  0%| F|  |TAMS 0x000000070e000000, 0x000000070e000000| Untracked 
|  97|0x000000070e200000, 0x000000070e200000, 0x000000070e400000|  0%| F|  |TAMS 0x000000070e200000, 0x000000070e200000| Untracked 
|  98|0x000000070e400000, 0x000000070e400000, 0x000000070e600000|  0%| F|  |TAMS 0x000000070e400000, 0x000000070e400000| Untracked 
|  99|0x000000070e600000, 0x000000070e600000, 0x000000070e800000|  0%| F|  |TAMS 0x000000070e600000, 0x000000070e600000| Untracked 
| 100|0x000000070e800000, 0x000000070e800000, 0x000000070ea00000|  0%| F|  |TAMS 0x000000070e800000, 0x000000070e800000| Untracked 
| 101|0x000000070ea00000, 0x000000070ea00000, 0x000000070ec00000|  0%| F|  |TAMS 0x000000070ea00000, 0x000000070ea00000| Untracked 
| 102|0x000000070ec00000, 0x000000070ec00000, 0x000000070ee00000|  0%| F|  |TAMS 0x000000070ec00000, 0x000000070ec00000| Untracked 
| 103|0x000000070ee00000, 0x000000070ee00000, 0x000000070f000000|  0%| F|  |TAMS 0x000000070ee00000, 0x000000070ee00000| Untracked 
| 104|0x000000070f000000, 0x000000070f000000, 0x000000070f200000|  0%| F|  |TAMS 0x000000070f000000, 0x000000070f000000| Untracked 
| 105|0x000000070f200000, 0x000000070f200000, 0x000000070f400000|  0%| F|  |TAMS 0x000000070f200000, 0x000000070f200000| Untracked 
| 106|0x000000070f400000, 0x000000070f400000, 0x000000070f600000|  0%| F|  |TAMS 0x000000070f400000, 0x000000070f400000| Untracked 
| 107|0x000000070f600000, 0x000000070f600000, 0x000000070f800000|  0%| F|  |TAMS 0x000000070f600000, 0x000000070f600000| Untracked 
| 108|0x000000070f800000, 0x000000070f800000, 0x000000070fa00000|  0%| F|  |TAMS 0x000000070f800000, 0x000000070f800000| Untracked 
| 109|0x000000070fa00000, 0x000000070fa00000, 0x000000070fc00000|  0%| F|  |TAMS 0x000000070fa00000, 0x000000070fa00000| Untracked 
| 110|0x000000070fc00000, 0x000000070fc00000, 0x000000070fe00000|  0%| F|  |TAMS 0x000000070fc00000, 0x000000070fc00000| Untracked 
| 111|0x000000070fe00000, 0x000000070fe00000, 0x0000000710000000|  0%| F|  |TAMS 0x000000070fe00000, 0x000000070fe00000| Untracked 
| 112|0x0000000710000000, 0x0000000710000000, 0x0000000710200000|  0%| F|  |TAMS 0x0000000710000000, 0x0000000710000000| Untracked 
| 113|0x0000000710200000, 0x0000000710200000, 0x0000000710400000|  0%| F|  |TAMS 0x0000000710200000, 0x0000000710200000| Untracked 
| 114|0x0000000710400000, 0x000000071054d4d0, 0x0000000710600000| 65%| S|CS|TAMS 0x0000000710400000, 0x0000000710400000| Complete 
| 115|0x0000000710600000, 0x0000000710800000, 0x0000000710800000|100%| S|CS|TAMS 0x0000000710600000, 0x0000000710600000| Complete 
| 116|0x0000000710800000, 0x0000000710800000, 0x0000000710a00000|  0%| F|  |TAMS 0x0000000710800000, 0x0000000710800000| Untracked 
| 117|0x0000000710a00000, 0x0000000710c00000, 0x0000000710c00000|100%| E|  |TAMS 0x0000000710a00000, 0x0000000710a00000| Complete 
| 118|0x0000000710c00000, 0x0000000710e00000, 0x0000000710e00000|100%| E|CS|TAMS 0x0000000710c00000, 0x0000000710c00000| Complete 
| 119|0x0000000710e00000, 0x0000000711000000, 0x0000000711000000|100%| E|CS|TAMS 0x0000000710e00000, 0x0000000710e00000| Complete 
| 120|0x0000000711000000, 0x0000000711200000, 0x0000000711200000|100%| E|CS|TAMS 0x0000000711000000, 0x0000000711000000| Complete 
| 121|0x0000000711200000, 0x0000000711400000, 0x0000000711400000|100%| E|CS|TAMS 0x0000000711200000, 0x0000000711200000| Complete 
| 122|0x0000000711400000, 0x0000000711600000, 0x0000000711600000|100%| E|CS|TAMS 0x0000000711400000, 0x0000000711400000| Complete 
| 123|0x0000000711600000, 0x0000000711800000, 0x0000000711800000|100%| E|CS|TAMS 0x0000000711600000, 0x0000000711600000| Complete 
| 124|0x0000000711800000, 0x0000000711a00000, 0x0000000711a00000|100%| E|CS|TAMS 0x0000000711800000, 0x0000000711800000| Complete 
| 125|0x0000000711a00000, 0x0000000711c00000, 0x0000000711c00000|100%| E|CS|TAMS 0x0000000711a00000, 0x0000000711a00000| Complete 
| 126|0x0000000711c00000, 0x0000000711e00000, 0x0000000711e00000|100%| E|CS|TAMS 0x0000000711c00000, 0x0000000711c00000| Complete 

Card table byte_map: [0x0000013937bb0000,0x00000139383a0000] _byte_map_base: 0x00000139343a0000

Marking Bits (Prev, Next): (CMBitMap*) 0x000001392041b5f0, (CMBitMap*) 0x000001392041b630
 Prev Bits: [0x0000013938b90000, 0x000001393cb10000)
 Next Bits: [0x000001393cb10000, 0x0000013940a90000)

Polling page: 0x000001391e2e0000

Metaspace:

Usage:
  Non-class:      7.52 MB used.
      Class:    594.57 KB used.
       Both:      8.10 MB used.

Virtual space:
  Non-class space:        8.00 MB reserved,       7.62 MB ( 95%) committed,  1 nodes.
      Class space:        1.00 GB reserved,     704.00 KB ( <1%) committed,  1 nodes.
             Both:        1.01 GB reserved,       8.31 MB ( <1%) committed. 

Chunk freelists:
   Non-Class:  16.00 KB
       Class:  3.17 MB
        Both:  3.18 MB

MaxMetaspaceSize: unlimited
CompressedClassSpaceSize: 1.00 GB
Initial GC threshold: 21.00 MB
Current GC threshold: 21.00 MB
CDS: on
MetaspaceReclaimPolicy: balanced
 - commit_granule_bytes: 65536.
 - commit_granule_words: 8192.
 - virtual_space_node_default_size: 1048576.
 - enlarge_chunks_in_place: 1.
 - new_chunks_are_fully_committed: 0.
 - uncommit_free_chunks: 1.
 - use_allocation_guard: 0.
 - handle_deallocations: 1.


Internal statistics:

num_allocs_failed_limit: 0.
num_arena_births: 148.
num_arena_deaths: 0.
num_vsnodes_births: 2.
num_vsnodes_deaths: 0.
num_space_committed: 131.
num_space_uncommitted: 0.
num_chunks_returned_to_freelist: 0.
num_chunks_taken_from_freelist: 340.
num_chunk_merges: 0.
num_chunk_splits: 228.
num_chunks_enlarged: 159.
num_purges: 0.
num_inconsistent_stats: 0.

CodeHeap 'non-profiled nmethods': size=120000Kb used=581Kb max_used=581Kb free=119418Kb
 bounds [0x000001392f940000, 0x000001392fbb0000, 0x0000013936e70000]
CodeHeap 'profiled nmethods': size=120000Kb used=2095Kb max_used=2095Kb free=117905Kb
 bounds [0x0000013928410000, 0x0000013928680000, 0x000001392f940000]
CodeHeap 'non-nmethods': size=5760Kb used=1765Kb max_used=1791Kb free=3994Kb
 bounds [0x0000013927e70000, 0x00000139280e0000, 0x0000013928410000]
 total_blobs=2435 nmethods=1281 adapters=1067
 compilation: enabled
              stopped_count=0, restarted_count=0
 full_count=0

Compilation events (20 events):
Event: 1.091 Thread 0x00000139437a42b0 nmethod 1272 0x0000013928617510 code [0x00000139286176c0, 0x0000013928617848]
Event: 1.091 Thread 0x00000139437a42b0 1273       3       io.bluestaggo.voxelthing.renderer.world.BlockRenderer::renderTopFace (206 bytes)
Event: 1.092 Thread 0x00000139437a42b0 nmethod 1273 0x0000013928617910 code [0x0000013928617bc0, 0x0000013928618808]
Event: 1.092 Thread 0x000001394377a630 1274       4       io.bluestaggo.voxelthing.util.IntList::add (38 bytes)
Event: 1.093 Thread 0x000001394d5de8e0 nmethod 1266 0x000001392f9cd290 code [0x000001392f9cd420, 0x000001392f9cd998]
Event: 1.093 Thread 0x000001394377a630 nmethod 1274 0x000001392f9cde10 code [0x000001392f9cdfa0, 0x000001392f9ce1c8]
Event: 1.094 Thread 0x00000139437a42b0 1275       3       io.bluestaggo.voxelthing.renderer.world.BlockRenderer$$Lambda$87/0x0000000800c8d518::render (15 bytes)
Event: 1.094 Thread 0x000001394377a630 1277       4       java.util.ArrayList::add (25 bytes)
Event: 1.094 Thread 0x00000139437a42b0 nmethod 1275 0x0000013928618c90 code [0x0000013928618e40, 0x0000013928618fc8]
Event: 1.094 Thread 0x00000139437a42b0 1276       3       io.bluestaggo.voxelthing.renderer.world.BlockRenderer::renderNorthFace (206 bytes)
Event: 1.094 Thread 0x00000139437a42b0 nmethod 1276 0x0000013928619090 code [0x0000013928619340, 0x0000013928619f88]
Event: 1.094 Thread 0x00000139437a42b0 1278       3       io.bluestaggo.voxelthing.renderer.world.BlockRenderer$$Lambda$89/0x0000000800c8d958::render (15 bytes)
Event: 1.094 Thread 0x00000139437a42b0 nmethod 1278 0x000001392861a410 code [0x000001392861a5c0, 0x000001392861a748]
Event: 1.094 Thread 0x00000139437a42b0 1279       3       io.bluestaggo.voxelthing.renderer.world.BlockRenderer::renderWestFace (198 bytes)
Event: 1.094 Thread 0x000001394d5de8e0 1281       4       io.bluestaggo.voxelthing.renderer.world.BlockRenderer::getShade (8 bytes)
Event: 1.094 Thread 0x000001394d5de8e0 nmethod 1281 0x000001392f9ce310 code [0x000001392f9ce4c0, 0x000001392f9ce558]
Event: 1.095 Thread 0x00000139437a42b0 nmethod 1279 0x000001392861a810 code [0x000001392861aac0, 0x000001392861b788]
Event: 1.095 Thread 0x000001394d5de8e0 1280       4       io.bluestaggo.voxelthing.renderer.world.WorldVertex::<init> (39 bytes)
Event: 1.095 Thread 0x000001394377a630 nmethod 1277 0x000001392f9ce610 code [0x000001392f9ce7a0, 0x000001392f9cea48]
Event: 1.097 Thread 0x000001394d5de8e0 nmethod 1280 0x000001392f9ceb90 code [0x000001392f9ced20, 0x000001392f9cf218]

GC Heap History (2 events):
Event: 0.689 GC heap before
{Heap before GC invocations=0 (full 0):
 garbage-first heap   total 260096K, used 20480K [0x0000000702000000, 0x0000000800000000)
  region size 2048K, 11 young (22528K), 0 survivors (0K)
 Metaspace       used 8098K, committed 8320K, reserved 1056768K
  class space    used 576K, committed 704K, reserved 1048576K
}
Event: 0.691 GC heap after
{Heap after GC invocations=1 (full 0):
 garbage-first heap   total 260096K, used 3381K [0x0000000702000000, 0x0000000800000000)
  region size 2048K, 2 young (4096K), 2 survivors (4096K)
 Metaspace       used 8098K, committed 8320K, reserved 1056768K
  class space    used 576K, committed 704K, reserved 1048576K
}

Dll operation events (12 events):
Event: 0.006 Loaded shared library C:\Java\bin\java.dll
Event: 0.008 Loaded shared library C:\Java\bin\zip.dll
Event: 0.017 Loaded shared library C:\Java\bin\jsvml.dll
Event: 0.074 Loaded shared library C:\java\bin\instrument.dll
Event: 0.087 Loaded shared library C:\java\bin\net.dll
Event: 0.087 Loaded shared library C:\java\bin\nio.dll
Event: 0.090 Loaded shared library C:\java\bin\zip.dll
Event: 0.131 Loaded shared library C:\java\bin\jimage.dll
Event: 0.155 Loaded shared library C:\Users\oweng\AppData\Local\Temp\lwjgl_oweng\3.3.2+13\x64\lwjgl.dll
Event: 0.394 Loaded shared library C:\Users\oweng\AppData\Local\Temp\lwjgl_oweng\3.3.2+13\x64\lwjgl_opengl.dll
Event: 0.472 Loaded shared library C:\java\bin\awt.dll
Event: 0.531 Loaded shared library C:\Java\bin\verify.dll

Deoptimization events (20 events):
Event: 1.026 Thread 0x00000139203ac040 DEOPT PACKING pc=0x00000139285da56e sp=0x00000013b2afe9d0
Event: 1.026 Thread 0x00000139203ac040 DEOPT UNPACKING pc=0x0000013927ec2b43 sp=0x00000013b2afdea0 mode 0
Event: 1.026 Thread 0x00000139203ac040 DEOPT PACKING pc=0x00000139285da56e sp=0x00000013b2afe9d0
Event: 1.026 Thread 0x00000139203ac040 DEOPT UNPACKING pc=0x0000013927ec2b43 sp=0x00000013b2afdea0 mode 0
Event: 1.026 Thread 0x00000139203ac040 DEOPT PACKING pc=0x00000139285da56e sp=0x00000013b2afe9d0
Event: 1.026 Thread 0x00000139203ac040 DEOPT UNPACKING pc=0x0000013927ec2b43 sp=0x00000013b2afdea0 mode 0
Event: 1.027 Thread 0x00000139203ac040 DEOPT PACKING pc=0x00000139285da56e sp=0x00000013b2afe9d0
Event: 1.027 Thread 0x00000139203ac040 DEOPT UNPACKING pc=0x0000013927ec2b43 sp=0x00000013b2afdea0 mode 0
Event: 1.058 Thread 0x00000139203ac040 Uncommon trap: trap_request=0xffffffde fr.pc=0x000001392f9a0e68 relative=0x0000000000000348
Event: 1.058 Thread 0x00000139203ac040 Uncommon trap: reason=class_check action=maybe_recompile pc=0x000001392f9a0e68 method=java.util.stream.AbstractPipeline.<init>(Ljava/util/stream/AbstractPipeline;I)V @ 66 c2
Event: 1.058 Thread 0x00000139203ac040 DEOPT PACKING pc=0x000001392f9a0e68 sp=0x00000013b2afed50
Event: 1.058 Thread 0x00000139203ac040 DEOPT UNPACKING pc=0x0000013927ec23a3 sp=0x00000013b2afed30 mode 2
Event: 1.059 Thread 0x00000139203ac040 Uncommon trap: trap_request=0xffffffde fr.pc=0x000001392f9a8e7c relative=0x00000000000001dc
Event: 1.059 Thread 0x00000139203ac040 Uncommon trap: reason=class_check action=maybe_recompile pc=0x000001392f9a8e7c method=java.util.stream.AbstractPipeline.wrapSink(Ljava/util/stream/Sink;)Ljava/util/stream/Sink; @ 23 c2
Event: 1.059 Thread 0x00000139203ac040 DEOPT PACKING pc=0x000001392f9a8e7c sp=0x00000013b2afecb0
Event: 1.059 Thread 0x00000139203ac040 DEOPT UNPACKING pc=0x0000013927ec23a3 sp=0x00000013b2afeca8 mode 2
Event: 1.059 Thread 0x00000139203ac040 Uncommon trap: trap_request=0xffffffde fr.pc=0x000001392f99f670 relative=0x0000000000000950
Event: 1.059 Thread 0x00000139203ac040 Uncommon trap: reason=class_check action=maybe_recompile pc=0x000001392f99f670 method=java.util.Spliterators$ArraySpliterator.forEachRemaining(Ljava/util/function/Consumer;)V @ 53 c2
Event: 1.059 Thread 0x00000139203ac040 DEOPT PACKING pc=0x000001392f99f670 sp=0x00000013b2afec50
Event: 1.059 Thread 0x00000139203ac040 DEOPT UNPACKING pc=0x0000013927ec23a3 sp=0x00000013b2afec30 mode 2

Classes unloaded (0 events):
No events

Classes redefined (0 events):
No events

Internal exceptions (20 events):
Event: 0.193 Thread 0x00000139203ac040 Exception <a 'java/lang/NoSuchMethodError'{0x00000007117b71b0}: 'java.lang.Object java.lang.invoke.DirectMethodHandle$Holder.newInvokeSpecial(java.lang.Object, java.lang.Object, int)'> (0x00000007117b71b0) 
thrown [s\src\hotspot\share\interpreter\linkResolver.cpp, line 759]
Event: 0.196 Thread 0x00000139203ac040 Exception <a 'java/lang/NoSuchMethodError'{0x00000007117c8808}: 'int java.lang.invoke.DirectMethodHandle$Holder.invokeStaticInit(java.lang.Object, java.lang.Object, long, long)'> (0x00000007117c8808) 
thrown [s\src\hotspot\share\interpreter\linkResolver.cpp, line 759]
Event: 0.196 Thread 0x00000139203ac040 Exception <a 'java/lang/NoSuchMethodError'{0x00000007117ce918}: 'java.lang.Object java.lang.invoke.DirectMethodHandle$Holder.newInvokeSpecial(java.lang.Object, java.lang.Object, long)'> (0x00000007117ce918) 
thrown [s\src\hotspot\share\interpreter\linkResolver.cpp, line 759]
Event: 0.197 Thread 0x00000139203ac040 Exception <a 'java/lang/NoSuchMethodError'{0x00000007117d2960}: 'java.lang.Object java.lang.invoke.Invokers$Holder.linkToTargetMethod(java.lang.Object, long, java.lang.Object)'> (0x00000007117d2960) 
thrown [s\src\hotspot\share\interpreter\linkResolver.cpp, line 759]
Event: 0.197 Thread 0x00000139203ac040 Exception <a 'java/lang/NoSuchMethodError'{0x00000007117da078}: 'int java.lang.invoke.DirectMethodHandle$Holder.invokeStaticInit(java.lang.Object, java.lang.Object, java.lang.Object, long)'> (0x00000007117da078) 
thrown [s\src\hotspot\share\interpreter\linkResolver.cpp, line 759]
Event: 0.215 Thread 0x00000139203ac040 Exception <a 'sun/nio/fs/WindowsException'{0x00000007114bbc28}> (0x00000007114bbc28) 
thrown [s\src\hotspot\share\prims\jni.cpp, line 516]
Event: 0.216 Thread 0x00000139203ac040 Exception <a 'sun/nio/fs/WindowsException'{0x00000007114bbf88}> (0x00000007114bbf88) 
thrown [s\src\hotspot\share\prims\jni.cpp, line 516]
Event: 0.393 Thread 0x00000139203ac040 Exception <a 'sun/nio/fs/WindowsException'{0x000000071155d188}> (0x000000071155d188) 
thrown [s\src\hotspot\share\prims\jni.cpp, line 516]
Event: 0.393 Thread 0x00000139203ac040 Exception <a 'sun/nio/fs/WindowsException'{0x000000071155d530}> (0x000000071155d530) 
thrown [s\src\hotspot\share\prims\jni.cpp, line 516]
Event: 0.402 Thread 0x00000139203ac040 Exception <a 'sun/nio/fs/WindowsException'{0x000000071156a6c8}> (0x000000071156a6c8) 
thrown [s\src\hotspot\share\prims\jni.cpp, line 516]
Event: 0.402 Thread 0x00000139203ac040 Exception <a 'sun/nio/fs/WindowsException'{0x000000071156a9a8}> (0x000000071156a9a8) 
thrown [s\src\hotspot\share\prims\jni.cpp, line 516]
Event: 0.468 Thread 0x00000139203ac040 Exception <a 'java/lang/ClassNotFoundException'{0x0000000711037fd8}: sun/awt/resources/spi/awtProvider> (0x0000000711037fd8) 
thrown [s\src\hotspot\share\classfile\systemDictionary.cpp, line 256]
Event: 0.478 Thread 0x00000139203ac040 Exception <a 'java/io/FileNotFoundException'{0x0000000711092878}> (0x0000000711092878) 
thrown [s\src\hotspot\share\prims\jni.cpp, line 516]
Event: 0.482 Thread 0x00000139203ac040 Exception <a 'java/io/FileNotFoundException'{0x00000007110c18a8}> (0x00000007110c18a8) 
thrown [s\src\hotspot\share\prims\jni.cpp, line 516]
Event: 0.494 Thread 0x00000139203ac040 Exception <a 'java/lang/NoSuchMethodError'{0x000000071114aeb8}: 'java.lang.Object java.lang.invoke.DirectMethodHandle$Holder.invokeStaticInit(java.lang.Object, int, int, int, int)'> (0x000000071114aeb8) 
thrown [s\src\hotspot\share\interpreter\linkResolver.cpp, line 759]
Event: 0.514 Thread 0x00000139203ac040 Exception <a 'java/lang/NoSuchMethodError'{0x000000071119f5b8}: 'java.lang.Object java.lang.invoke.DirectMethodHandle$Holder.invokeStaticInit(java.lang.Object, java.lang.Object, int, int, int, int)'> (0x000000071119f5b8) 
thrown [s\src\hotspot\share\interpreter\linkResolver.cpp, line 759]
Event: 0.527 Thread 0x00000139203ac040 Exception <a 'java/lang/NoSuchMethodError'{0x0000000710e2ceb0}: 'void java.lang.invoke.DirectMethodHandle$Holder.invokeStatic(java.lang.Object, long)'> (0x0000000710e2ceb0) 
thrown [s\src\hotspot\share\interpreter\linkResolver.cpp, line 759]
Event: 0.637 Thread 0x00000139203ac040 Implicit null exception at 0x000001392f98f8c1 to 0x000001392f9911fa
Event: 1.080 Thread 0x00000139203ac040 Exception <a 'java/lang/NoSuchMethodError'{0x0000000710db4440}: 'float java.lang.invoke.DirectMethodHandle$Holder.invokeStaticInit(java.lang.Object, long, double, double)'> (0x0000000710db4440) 
thrown [s\src\hotspot\share\interpreter\linkResolver.cpp, line 759]
Event: 1.081 Thread 0x00000139203ac040 Exception <a 'java/lang/NoSuchMethodError'{0x0000000710dcaa08}: 'float java.lang.invoke.DirectMethodHandle$Holder.invokeStaticInit(java.lang.Object, long, double, double, double)'> (0x0000000710dcaa08) 
thrown [s\src\hotspot\share\interpreter\linkResolver.cpp, line 759]

VM Operations (14 events):
Event: 0.053 Executing VM operation: HandshakeAllThreads
Event: 0.053 Executing VM operation: HandshakeAllThreads done
Event: 0.064 Executing VM operation: ChangeBreakpoints
Event: 0.064 Executing VM operation: ChangeBreakpoints done
Event: 0.073 Executing VM operation: ChangeBreakpoints
Event: 0.073 Executing VM operation: ChangeBreakpoints done
Event: 0.073 Executing VM operation: ChangeBreakpoints
Event: 0.073 Executing VM operation: ChangeBreakpoints done
Event: 0.463 Executing VM operation: HandshakeAllThreads
Event: 0.463 Executing VM operation: HandshakeAllThreads done
Event: 0.499 Executing VM operation: HandshakeAllThreads
Event: 0.499 Executing VM operation: HandshakeAllThreads done
Event: 0.689 Executing VM operation: G1CollectForAllocation
Event: 0.691 Executing VM operation: G1CollectForAllocation done

Events (20 events):
Event: 1.078 loading class io/bluestaggo/voxelthing/util/OpenSimplex2Octaves$NoiseFunction2
Event: 1.078 loading class io/bluestaggo/voxelthing/util/OpenSimplex2Octaves$NoiseFunction2 done
Event: 1.078 loading class io/bluestaggo/voxelthing/util/OpenSimplex2Octaves$NoiseFunction2
Event: 1.078 loading class io/bluestaggo/voxelthing/util/OpenSimplex2Octaves$NoiseFunction2 done
Event: 1.079 loading class io/bluestaggo/voxelthing/util/OpenSimplex2
Event: 1.079 loading class io/bluestaggo/voxelthing/util/OpenSimplex2 done
Event: 1.080 loading class io/bluestaggo/voxelthing/util/OpenSimplex2Octaves$OctaveFunction
Event: 1.080 loading class io/bluestaggo/voxelthing/util/OpenSimplex2Octaves$OctaveFunction done
Event: 1.080 loading class io/bluestaggo/voxelthing/util/OpenSimplex2Octaves$FreqNoiseFunction
Event: 1.080 loading class io/bluestaggo/voxelthing/util/OpenSimplex2Octaves$FreqNoiseFunction done
Event: 1.081 loading class io/bluestaggo/voxelthing/util/OpenSimplex2Octaves$FreqNoiseFunction
Event: 1.081 loading class io/bluestaggo/voxelthing/util/OpenSimplex2Octaves$FreqNoiseFunction done
Event: 1.081 loading class io/bluestaggo/voxelthing/util/OpenSimplex2Octaves$NoiseFunction3
Event: 1.081 loading class io/bluestaggo/voxelthing/util/OpenSimplex2Octaves$NoiseFunction3 done
Event: 1.081 loading class io/bluestaggo/voxelthing/util/OpenSimplex2Octaves$NoiseFunction3
Event: 1.081 loading class io/bluestaggo/voxelthing/util/OpenSimplex2Octaves$NoiseFunction3 done
Event: 1.084 loading class io/bluestaggo/voxelthing/util/MathUtil
Event: 1.084 loading class io/bluestaggo/voxelthing/util/MathUtil done
Event: 1.088 loading class io/bluestaggo/voxelthing/world/Direction
Event: 1.088 loading class io/bluestaggo/voxelthing/world/Direction done


Dynamic libraries:
0x00007ff7659a0000 - 0x00007ff7659ae000 	C:\Java\bin\java.exe
0x00007ff919ee0000 - 0x00007ff91a0e9000 	C:\Windows\SYSTEM32\ntdll.dll
0x00007ff918450000 - 0x00007ff91850e000 	C:\Windows\System32\KERNEL32.DLL
0x00007ff917370000 - 0x00007ff9176f4000 	C:\Windows\System32\KERNELBASE.dll
0x0000000073130000 - 0x0000000073461000 	C:\Program Files\Norton Security\NortonData\22.21.9.25\Definitions\IPSDefs\20230804.061\IPSEng64.dll
0x00007ff9180b0000 - 0x00007ff91815f000 	C:\Windows\System32\ADVAPI32.dll
0x00007ff917ea0000 - 0x00007ff917f43000 	C:\Windows\System32\msvcrt.dll
0x00007ff918b80000 - 0x00007ff918c1e000 	C:\Windows\System32\sechost.dll
0x00007ff917d70000 - 0x00007ff917e91000 	C:\Windows\System32\RPCRT4.dll
0x00007ff919870000 - 0x00007ff919878000 	C:\Windows\System32\PSAPI.DLL
0x00007ff917820000 - 0x00007ff917931000 	C:\Windows\System32\ucrtbase.dll
0x00007ff90cf40000 - 0x00007ff90cf57000 	C:\Java\bin\jli.dll
0x00007ff90cfd0000 - 0x00007ff90cfe9000 	C:\Java\bin\VCRUNTIME140.dll
0x00007ff9182a0000 - 0x00007ff91844d000 	C:\Windows\System32\USER32.dll
0x00007ff917940000 - 0x00007ff917966000 	C:\Windows\System32\win32u.dll
0x00007ff909530000 - 0x00007ff9097d5000 	C:\Windows\WinSxS\amd64_microsoft.windows.common-controls_6595b64144ccf1df_6.0.22000.120_none_9d947278b86cc467\COMCTL32.dll
0x00007ff919a00000 - 0x00007ff919a2a000 	C:\Windows\System32\GDI32.dll
0x00007ff917700000 - 0x00007ff91781f000 	C:\Windows\System32\gdi32full.dll
0x00007ff917bd0000 - 0x00007ff917c6d000 	C:\Windows\System32\msvcp_win.dll
0x00007ff917d30000 - 0x00007ff917d61000 	C:\Windows\System32\IMM32.DLL
0x00007ff913920000 - 0x00007ff91392c000 	C:\Java\bin\vcruntime140_1.dll
0x00007ff90ce60000 - 0x00007ff90cef1000 	C:\Java\bin\msvcp140.dll
0x00007ff8ca800000 - 0x00007ff8cb444000 	C:\Java\bin\server\jvm.dll
0x00007ff906e60000 - 0x00007ff906e69000 	C:\Windows\SYSTEM32\WSOCK32.dll
0x00007ff90d750000 - 0x00007ff90d783000 	C:\Windows\SYSTEM32\WINMM.dll
0x00007ff919990000 - 0x00007ff9199ff000 	C:\Windows\System32\WS2_32.dll
0x00007ff912510000 - 0x00007ff91251a000 	C:\Windows\SYSTEM32\VERSION.dll
0x00007ff9164c0000 - 0x00007ff9164d8000 	C:\Windows\SYSTEM32\kernel.appcore.dll
0x00007ff912e70000 - 0x00007ff912e7a000 	C:\Java\bin\jimage.dll
0x00007ff90bdc0000 - 0x00007ff90bfe1000 	C:\Windows\SYSTEM32\DBGHELP.DLL
0x00007ff90b470000 - 0x00007ff90b4a1000 	C:\Windows\SYSTEM32\dbgcore.DLL
0x00007ff917b50000 - 0x00007ff917bcf000 	C:\Windows\System32\bcryptPrimitives.dll
0x00007ff90cf00000 - 0x00007ff90cf3b000 	C:\Java\bin\jdwp.dll
0x00007ff913950000 - 0x00007ff91395e000 	C:\Java\bin\instrument.dll
0x00007ff90cdc0000 - 0x00007ff90cde5000 	C:\Java\bin\java.dll
0x00007ff909850000 - 0x00007ff909868000 	C:\Java\bin\zip.dll
0x00007ff8ebb80000 - 0x00007ff8ebc56000 	C:\Java\bin\jsvml.dll
0x00007ff918ed0000 - 0x00007ff919695000 	C:\Windows\System32\SHELL32.dll
0x00007ff915430000 - 0x00007ff915c94000 	C:\Windows\SYSTEM32\windows.storage.dll
0x00007ff919a30000 - 0x00007ff919da6000 	C:\Windows\System32\combase.dll
0x00007ff9152c0000 - 0x00007ff915427000 	C:\Windows\SYSTEM32\wintypes.dll
0x00007ff918c20000 - 0x00007ff918d0a000 	C:\Windows\System32\SHCORE.dll
0x00007ff918ab0000 - 0x00007ff918b0d000 	C:\Windows\System32\shlwapi.dll
0x00007ff9172a0000 - 0x00007ff9172c5000 	C:\Windows\SYSTEM32\profapi.dll
0x00007ff909ba0000 - 0x00007ff909bac000 	C:\Java\bin\dt_socket.dll
0x00007ff915ef0000 - 0x00007ff915f1d000 	C:\Windows\SYSTEM32\IPHLPAPI.DLL
0x00007ff916970000 - 0x00007ff9169d7000 	C:\Windows\system32\mswsock.dll
0x00007ff90cda0000 - 0x00007ff90cdb9000 	C:\java\bin\net.dll
0x00007ff911ea0000 - 0x00007ff911fb3000 	C:\Windows\SYSTEM32\WINHTTP.dll
0x00007ff9098f0000 - 0x00007ff909905000 	C:\java\bin\nio.dll
0x00007ff909b20000 - 0x00007ff909b9a000 	C:\Users\oweng\AppData\Local\Temp\lwjgl_oweng\3.3.2+13\x64\lwjgl.dll
0x00007ff909a90000 - 0x00007ff909b12000 	C:\Users\oweng\AppData\Local\Temp\lwjgl_oweng\3.3.2+13\x64\glfw.dll
0x00007ff90bbc0000 - 0x00007ff90bc05000 	C:\Windows\SYSTEM32\dinput8.dll
0x00007ff8eb8d0000 - 0x00007ff8eb8e1000 	C:\Windows\SYSTEM32\xinput1_4.dll
0x00007ff917090000 - 0x00007ff9170dc000 	C:\Windows\SYSTEM32\cfgmgr32.dll
0x00007ff917050000 - 0x00007ff917083000 	C:\Windows\SYSTEM32\DEVOBJ.dll
0x00007ff914db0000 - 0x00007ff914ddf000 	C:\Windows\SYSTEM32\dwmapi.dll
0x00007ff90d180000 - 0x00007ff90d349000 	C:\Windows\SYSTEM32\inputhost.dll
0x00007ff914430000 - 0x00007ff914561000 	C:\Windows\SYSTEM32\CoreMessaging.dll
0x00007ff914a20000 - 0x00007ff914acc000 	C:\Windows\system32\uxtheme.dll
0x00007ff916be0000 - 0x00007ff916bec000 	C:\Windows\SYSTEM32\CRYPTBASE.DLL
0x00007ff918180000 - 0x00007ff91829d000 	C:\Windows\System32\MSCTF.dll
0x00007ff8d66e0000 - 0x00007ff8d67e1000 	C:\Windows\SYSTEM32\opengl32.dll
0x00007ff8f43f0000 - 0x00007ff8f441d000 	C:\Windows\SYSTEM32\GLU32.dll
0x00007ff914b30000 - 0x00007ff914b68000 	C:\Windows\SYSTEM32\dxcore.dll
0x00007ff9189f0000 - 0x00007ff918a9f000 	C:\Windows\System32\clbcatq.dll
0x00007ff8c4370000 - 0x00007ff8c6e90000 	C:\Windows\System32\DriverStore\FileRepository\nvmdi.inf_amd64_3c7cc22001913661\nvoglv64.dll
0x00007ff918510000 - 0x00007ff918982000 	C:\Windows\System32\SETUPAPI.dll
0x00007ff918d30000 - 0x00007ff918eca000 	C:\Windows\System32\ole32.dll
0x00007ff919db0000 - 0x00007ff919e86000 	C:\Windows\System32\OLEAUT32.dll
0x00007ff9138f0000 - 0x00007ff913904000 	C:\Windows\SYSTEM32\WTSAPI32.dll
0x00007ff916c20000 - 0x00007ff916c32000 	C:\Windows\SYSTEM32\msasn1.dll
0x00007ff9124d0000 - 0x00007ff912501000 	C:\Windows\SYSTEM32\cryptnet.dll
0x00007ff9179e0000 - 0x00007ff917b4a000 	C:\Windows\System32\CRYPT32.dll
0x00007ff90eed0000 - 0x00007ff90f021000 	C:\Windows\SYSTEM32\drvstore.dll
0x00007ff916c90000 - 0x00007ff916ccf000 	C:\Windows\SYSTEM32\wldp.dll
0x00007ff917970000 - 0x00007ff9179d7000 	C:\Windows\System32\WINTRUST.dll
0x00007ff9164e0000 - 0x00007ff916514000 	C:\Windows\SYSTEM32\ntmarta.dll
0x00007ff9162d0000 - 0x00007ff91631d000 	C:\Windows\SYSTEM32\powrprof.dll
0x00007ff9162b0000 - 0x00007ff9162c3000 	C:\Windows\SYSTEM32\UMPDC.dll
0x00007ff916050000 - 0x00007ff9160b4000 	C:\Windows\SYSTEM32\WINSTA.dll
0x00007ff8f9ea0000 - 0x00007ff8f9fcc000 	C:\Windows\SYSTEM32\textinputframework.dll
0x00007ff9116a0000 - 0x00007ff911a0d000 	C:\Windows\SYSTEM32\CoreUIComponents.dll
0x00007ff8d5980000 - 0x00007ff8d59de000 	C:\Users\oweng\AppData\Local\Temp\lwjgl_oweng\3.3.2+13\x64\lwjgl_opengl.dll
0x00007ff8eb8f0000 - 0x00007ff8eba7e000 	C:\java\bin\awt.dll
0x00007ff914880000 - 0x00007ff914912000 	C:\Windows\SYSTEM32\apphelp.dll
0x00007ff916bc0000 - 0x00007ff916bd8000 	C:\Windows\SYSTEM32\CRYPTSP.dll
0x00007ff916420000 - 0x00007ff916455000 	C:\Windows\system32\rsaenh.dll
0x00007ff916a70000 - 0x00007ff916a9c000 	C:\Windows\SYSTEM32\USERENV.dll
0x00007ff916d40000 - 0x00007ff916d67000 	C:\Windows\SYSTEM32\bcrypt.dll
0x00007ff918aa0000 - 0x00007ff918aa9000 	C:\Windows\System32\NSI.dll
0x00007ff912550000 - 0x00007ff912569000 	C:\Windows\SYSTEM32\dhcpcsvc6.DLL
0x00007ff912680000 - 0x00007ff91269e000 	C:\Windows\SYSTEM32\dhcpcsvc.DLL
0x00007ff915f20000 - 0x00007ff916007000 	C:\Windows\SYSTEM32\DNSAPI.dll
0x00007ff912d30000 - 0x00007ff912d40000 	C:\Java\bin\verify.dll

dbghelp: loaded successfully - version: 4.0.5 - missing functions: none
symbol engine: initialized successfully - sym options: 0x614 - pdb path: .;C:\Java\bin;C:\Windows\SYSTEM32;C:\Program Files\Norton Security\NortonData\22.21.9.25\Definitions\IPSDefs\20230804.061;C:\Windows\WinSxS\amd64_microsoft.windows.common-controls_6595b64144ccf1df_6.0.22000.120_none_9d947278b86cc467;C:\Java\bin\server;C:\Users\oweng\AppData\Local\Temp\lwjgl_oweng\3.3.2+13\x64;C:\Windows\System32\DriverStore\FileRepository\nvmdi.inf_amd64_3c7cc22001913661

VM Arguments:
jvm_args: -agentlib:jdwp=transport=dt_socket,address=127.0.0.1:53233,suspend=y,server=n -Dvisualvm.id=246390841973900 -javaagent:D:\JetBrainsToolbox\apps\IDEA-C\ch-0\231.8109.175\plugins\java\lib\rt\debugger-agent.jar -Dfile.encoding=UTF-8 
java_command: io.bluestaggo.voxelthing.Game
java_class_path (initial): D:\Programming\java\VoxelThing\client\out\production\classes;D:\Programming\java\VoxelThing\client\out\production\resources;C:\Users\oweng\.gradle\caches\modules-2\files-2.1\org.lwjgl\lwjgl-assimp\3.3.2\e5238c13abef6b0fd6e1b4320d3c8cd0c10bfe61\lwjgl-assimp-3.3.2.jar;C:\Users\oweng\.gradle\caches\modules-2\files-2.1\org.lwjgl\lwjgl-glfw\3.3.2\757920418805fb90bfebb3d46b1d9e7669fca2eb\lwjgl-glfw-3.3.2.jar;C:\Users\oweng\.gradle\caches\modules-2\files-2.1\org.lwjgl\lwjgl-openal\3.3.2\ae5357ed6d934546d3533993ea84c0cfb75eed95\lwjgl-openal-3.3.2.jar;C:\Users\oweng\.gradle\caches\modules-2\files-2.1\org.lwjgl\lwjgl-opengl\3.3.2\ee8e95be0b438602038bc1f02dc5e3d011b1b216\lwjgl-opengl-3.3.2.jar;C:\Users\oweng\.gradle\caches\modules-2\files-2.1\org.lwjgl\lwjgl-stb\3.3.2\a2550795014d622b686e9caac50b14baa87d2c70\lwjgl-stb-3.3.2.jar;C:\Users\oweng\.gradle\caches\modules-2\files-2.1\org.lwjgl\lwjgl\3.3.2\4421d94af68e35dcaa31737a6fc59136a1e61b94\lwjgl-3.3.2.jar;C:\Users\oweng\.gradle\caches\modules-2\files-2.1\org.joml\joml\1.10.5\22566d58af70ad3d72308bab63b8339906deb649\joml-1.10.5.jar;D:\Programming\java\VoxelThing\shared\out\production\classes;D:\Programming\java\VoxelThing\shared\out\production\resources;C:\Users\oweng\.gradle\caches\modules-2\files-2.1\org.lwjgl\lwjgl-assimp\3.3.2\54edbc8767bde24b73187c229dbd552228230c8a\lwjgl-assimp-3.3.2-natives-windows.jar;C:\Users\oweng\.gradle\caches\modules-2\files-2.1\org.lwjgl\lwjgl-glfw\3.3.2\1251e3cb7e5d6159334cfb9244f789ce992f03b\lwjgl-glfw-3.3.2-natives-windows.jar;C:\Users\oweng\.gradle\caches\modules-2\files-2.1\org.lwjgl\lwjgl-openal\3.3.2\e74f299a602192faaf14b917632e4cbbb493c940\lwjgl-openal-3.3.2-natives-windows.jar;C:\Users\oweng\.gradle\caches\modules-2\files-2.1\org.lwjgl\lwjgl-opengl\3.3.2\83cd34469d4e0bc335bf74c7f62206530a9480bf\lwjgl-opengl-3.3.2-natives-windows.jar;C:\Users\oweng\.gradle\caches\modules-2\files-2.1\org.lwjgl\lwjgl-stb\3.3.2\1c4f4b8353bdb78c5264ab921436f03fc9aa1ba5\lwjgl-stb-3.3
Launcher Type: SUN_STANDARD

[Global flags]
     intx CICompilerCount                          = 4                                         {product} {ergonomic}
     uint ConcGCThreads                            = 3                                         {product} {ergonomic}
     uint G1ConcRefinementThreads                  = 10                                        {product} {ergonomic}
   size_t G1HeapRegionSize                         = 2097152                                   {product} {ergonomic}
    uintx GCDrainStackTargetSize                   = 64                                        {product} {ergonomic}
   size_t InitialHeapSize                          = 266338304                                 {product} {ergonomic}
   size_t MarkStackSize                            = 4194304                                   {product} {ergonomic}
   size_t MaxHeapSize                              = 4261412864                                {product} {ergonomic}
   size_t MaxNewSize                               = 2556428288                                {product} {ergonomic}
   size_t MinHeapDeltaBytes                        = 2097152                                   {product} {ergonomic}
   size_t MinHeapSize                              = 8388608                                   {product} {ergonomic}
    uintx NonNMethodCodeHeapSize                   = 5839372                                {pd product} {ergonomic}
    uintx NonProfiledCodeHeapSize                  = 122909434                              {pd product} {ergonomic}
    uintx ProfiledCodeHeapSize                     = 122909434                              {pd product} {ergonomic}
    uintx ReservedCodeCacheSize                    = 251658240                              {pd product} {ergonomic}
     bool SegmentedCodeCache                       = true                                      {product} {ergonomic}
   size_t SoftMaxHeapSize                          = 4261412864                             {manageable} {ergonomic}
     bool UseCompressedClassPointers               = true                           {product lp64_product} {ergonomic}
     bool UseCompressedOops                        = true                           {product lp64_product} {ergonomic}
     bool UseG1GC                                  = true                                      {product} {ergonomic}
     bool UseLargePagesIndividualAllocation        = false                                  {pd product} {ergonomic}

Logging:
Log output configuration:
 #0: stdout all=warning uptime,level,tags
 #1: stderr all=off uptime,level,tags

Environment Variables:
JAVA_HOME=C:\java
PATH=C:\Windows\system32;C:\Windows;C:\Windows\System32\Wbem;C:\Windows\System32\WindowsPowerShell\v1.0\;C:\Windows\System32\OpenSSH\;C:\Program Files\dotnet\;C:\Program Files\Git\cmd;D:\v\.bin;D:\python\Scripts;D:\python;C:\Users\oweng\AppData\Local\Programs\Python\Launcher;C:\dotnet;C:\Users\oweng\scoop\apps\luarocks\current\rocks\bin;C:\Users\oweng\scoop\shims;C:\Users\oweng\AppData\Local\Microsoft\WindowsApps;C:\Users\oweng\AppData\Local\Programs\Microsoft VS Code\bin;C:\Users\oweng\.dotnet\tools;C:\java\bin;C:\gradle\bin;C:\msys64\mingw64\bin;C:\msys64\cmake\bin;C:\msys64\usr\bin;C:\msys64;C:\nodejs;C:\Users\oweng\AppData\Roaming\npm;C:\Users\oweng\.cargo\bin;D:\Programs\ffmpeg\bin;C:\vcpkg;C:\Users\oweng\AppData\Local\ProgramsOnPath;D:\Programs\Powershell;D:\Programs\7zip;C:\Users\oweng\AppData\Roaming\Code\User\globalStorage\llvm-vs-code-extensions.vscode-clangd\install\14.0.3\clangd_14.0.3\bin;C:\Users\oweng\.aftman\bin;C:\Users\oweng\AppData\Local\JetBrains\Toolbox\scripts;D:\Programs;
USERNAME=oweng
OS=Windows_NT
PROCESSOR_IDENTIFIER=Intel64 Family 6 Model 165 Stepping 5, GenuineIntel
TMP=C:\Users\oweng\AppData\Local\Temp
TEMP=C:\Users\oweng\AppData\Local\Temp



---------------  S Y S T E M  ---------------

OS:
 Windows 11 , 64 bit Build 22000 (10.0.22000.2124)
OS uptime: 2 days 20:26 hours

CPU: total 12 (initial active 12) (6 cores per cpu, 2 threads per core) family 6 model 165 stepping 5 microcode 0xe2, cx8, cmov, fxsr, ht, mmx, 3dnowpref, sse, sse2, sse3, ssse3, sse4.1, sse4.2, popcnt, lzcnt, tsc, tscinvbit, avx, avx2, aes, erms, clmul, bmi1, bmi2, adx, fma, vzeroupper, clflush, clflushopt

Memory: 4k page, system-wide physical 16255M (6105M free)
TotalPageFile size 19327M (AvailPageFile size 5040M)
current process WorkingSet (physical memory assigned to process): 251M, peak: 253M
current process commit charge ("private bytes"): 534M, peak: 534M

vm_info: OpenJDK 64-Bit Server VM (17.0.5+8) for windows-amd64 JRE (17.0.5+8), built on Oct 19 2022 04:48:13 by "temurin" with MS VC++ 16.7 (VS2019)

END.
